[0KRunning with gitlab-runner 11.10.1 (1f513601)
[0;m[0K  on Test ww4q1Wxe
[0;msection_start:1556962593:prepare_executor[0K[0KUsing Docker executor with image ci_sonarscanner:3.3 ...
[0;m[0KUsing locally found image version due to if-not-present pull policy
[0;m[0KUsing docker image sha256:cdf4f3fbc3d409410255639e4e2fa19decb01dbcba8ca1d408d189817aa62fc6 for ci_sonarscanner:3.3 ...
[0;msection_end:1556962593:prepare_executor[0Ksection_start:1556962593:prepare_script[0KRunning on runner-ww4q1Wxe-project-1-concurrent-0 via 7d514be7bad4...
section_end:1556962595:prepare_script[0Ksection_start:1556962595:get_sources[0KReinitialized existing Git repository in /builds/root/demo-project/.git/
[32;1mFetching changes...[0;m
[32;1mChecking out 524cb235 as master...[0;m

[32;1mSkipping Git submodules setup[0;m
section_end:1556962597:get_sources[0Ksection_start:1556962597:restore_cache[0Ksection_end:1556962599:restore_cache[0Ksection_start:1556962599:download_artifacts[0Ksection_end:1556962601:download_artifacts[0Ksection_start:1556962601:build_script[0K[32;1m$ sonar-scanner[0;m
INFO: Scanner configuration file: /root/sonar-scanner-3.3.0.1492-linux/conf/sonar-scanner.properties
INFO: Project root configuration file: /builds/root/demo-project/sonar-project.properties
INFO: SonarQube Scanner 3.3.0.1492
INFO: Java 1.8.0_201 Oracle Corporation (64-bit)
INFO: Linux 3.10.0-957.12.1.el7.x86_64 amd64
INFO: User cache: /root/.sonar/cache
INFO: SonarQube server 7.7.0
INFO: Default locale: "en_US", source code encoding: "UTF-8"
INFO: Load global settings
INFO: Load global settings (done) | time=58ms
INFO: Server id: 9CB61ADC-AWqBzDYBETUdoo8_15WP
INFO: User cache: /root/.sonar/cache
INFO: Load/download plugins
INFO: Load plugins index
INFO: Load plugins index (done) | time=35ms
INFO: Load/download plugins (done) | time=1218ms
INFO: Process project properties
INFO: Execute project builders
INFO: Execute project builders (done) | time=5ms
INFO: Project key: demo-project
INFO: Base dir: /builds/root/demo-project
INFO: Working dir: /builds/root/demo-project/.scannerwork
INFO: Load project settings for component key: 'demo-project'
INFO: Load project settings for component key: 'demo-project' (done) | time=44ms
INFO: Load project repositories
INFO: Load project repositories (done) | time=138ms
INFO: Load quality profiles
INFO: Load quality profiles (done) | time=24ms
INFO: Load active rules
INFO: Load active rules (done) | time=581ms
INFO: Indexing files...
INFO: Project configuration:
WARN: Invalid character encountered in file /builds/root/demo-project/web-advertisementorder-callcenter-static/src/main/webapp/css/advertisementorder/advertisementorder.css at line 302 for encoding UTF-8. Please fix file content or configure the encoding to be used using property 'sonar.sourceEncoding'.
WARN: Invalid character encountered in file /builds/root/demo-project/web-advertisementorder-callcenter-static/src/main/webapp/css/commons/app.css at line 13 for encoding UTF-8. Please fix file content or configure the encoding to be used using property 'sonar.sourceEncoding'.
WARN: Invalid character encountered in file /builds/root/demo-project/web-entry-callcenter-static/src/main/webapp/css/commons/app.css at line 13 for encoding UTF-8. Please fix file content or configure the encoding to be used using property 'sonar.sourceEncoding'.
WARN: Invalid character encountered in file /builds/root/demo-project/web-entry-callcenter-static/src/main/webapp/css/entry/selectionhistory.css at line 133 for encoding UTF-8. Please fix file content or configure the encoding to be used using property 'sonar.sourceEncoding'.
WARN: Invalid character encountered in file /builds/root/demo-project/web-entry-callcenter-static/src/main/webapp/css/sectiontohire/receptionhistory/list.css at line 1 for encoding UTF-8. Please fix file content or configure the encoding to be used using property 'sonar.sourceEncoding'.
WARN: Invalid character encountered in file /builds/root/demo-project/web-entry-callcenter-static/src/main/webapp/css/sectiontohire/receptionhistory/modify.css at line 1 for encoding UTF-8. Please fix file content or configure the encoding to be used using property 'sonar.sourceEncoding'.
WARN: Invalid character encountered in file /builds/root/demo-project/web-entry-callcenter-static/src/main/webapp/css/sectiontohire/receptionhistory/register.css at line 1 for encoding UTF-8. Please fix file content or configure the encoding to be used using property 'sonar.sourceEncoding'.
WARN: Invalid character encountered in file /builds/root/demo-project/web-entry-callcenter-static/src/main/webapp/css/sectiontohire/receptionhistory/response/modify.css at line 1 for encoding UTF-8. Please fix file content or configure the encoding to be used using property 'sonar.sourceEncoding'.
WARN: Invalid character encountered in file /builds/root/demo-project/web-entry-callcenter-static/src/main/webapp/css/sectiontohire/receptionhistory/response/register.css at line 1 for encoding UTF-8. Please fix file content or configure the encoding to be used using property 'sonar.sourceEncoding'.
INFO: 3815 files indexed
INFO: 0 files ignored because of scm ignore settings
INFO: Quality profile for css: Sonar way
INFO: Quality profile for java: Sonar way
INFO: Quality profile for js: Sonar way
INFO: Quality profile for xml: Sonar way
INFO: ------------- Run sensors on module demo-project
INFO: Load metrics repository
INFO: Load metrics repository (done) | time=15ms
INFO: Sensor JavaSquidSensor [java]
INFO: Configured Java source version (sonar.java.source): none
INFO: JavaClasspath initialization
WARN: Bytecode of dependencies was not provided for analysis of source files, you might end up with less precise results. Bytecode can be provided using sonar.java.libraries property.
INFO: JavaClasspath initialization (done) | time=8ms
INFO: JavaTestClasspath initialization
INFO: JavaTestClasspath initialization (done) | time=5ms
INFO: Java Main Files AST scan
INFO: 1742 source files to be analyzed
INFO: 322/1742 files analyzed, current file: /builds/root/demo-project/model-advertisementorder/src/main/java/jp/rhp/model/advertisementorder/popup/item/criteria/Workplace.java
INFO: 933/1742 files analyzed, current file: /builds/root/demo-project/model-joboffer/src/main/java/jp/rhp/model/joboffer/recruitment/obsoletedincome/cassette/TrainingPeriodUnit.java
INFO: 1544/1742 files analyzed, current file: /builds/root/demo-project/service-selectionhistory/src/main/java/jp/rhp/service/selectionhistory/escalation/modify/notification/SelectionHistoryEscalationModifyNotificationServiceImpl.java
INFO: 1742/1742 source files have been analyzed
INFO: Java Main Files AST scan (done) | time=34505ms
INFO: Java Test Files AST scan
INFO: 0 source files to be analyzed
INFO: Java Test Files AST scan (done) | time=2ms
INFO: 0/0 source files have been analyzed
INFO: Sensor JavaSquidSensor [java] (done) | time=35100ms
INFO: Sensor SonarCSS Metrics [cssfamily]
INFO: Sensor SonarCSS Metrics [cssfamily] (done) | time=745ms
INFO: Sensor SonarCSS Rules [cssfamily]
INFO: Sensor SonarCSS Rules [cssfamily] (done) | time=3852ms
INFO: Sensor JaCoCo XML Report Importer [jacoco]
INFO: Sensor JaCoCo XML Report Importer [jacoco] (done) | time=28ms
INFO: Sensor SonarJS [javascript]
INFO: 187 source files to be analyzed
INFO: 54/187 files analyzed, current file: web-advertisementorder-callcenter-static/src/main/webapp/js/lib/dhtmlxscheduler/sources/ext/dhtmlxscheduler_limit.js
INFO: 167/187 files analyzed, current file: web-entry-callcenter-static/src/main/webapp/js/lib/dhtmlxscheduler/sources/ext/dhtmlxscheduler_timeline.js
INFO: Sensor SonarJS [javascript] (done) | time=21030ms
INFO: Sensor ESLint-based SonarJS [javascript]
INFO: 187/187 source files have been analyzed
INFO: 187 source files to be analyzed
INFO: 174/187 files analyzed, current file: web-entry-callcenter-static/src/main/webapp/js/lib/dhtmlxscheduler/sources/ext/dhtmlxscheduler_year_view.js
INFO: Sensor ESLint-based SonarJS [javascript] (done) | time=13230ms
INFO: 187/187 source files have been analyzed
INFO: Sensor SurefireSensor [java]
INFO: parsing [/builds/root/demo-project/target/surefire-reports]
INFO: Sensor SurefireSensor [java] (done) | time=18ms
INFO: Sensor JaCoCoSensor [java]
INFO: Sensor JaCoCoSensor [java] (done) | time=1ms
INFO: Sensor JavaXmlSensor [java]
INFO: 415 source files to be analyzed
INFO: 415/415 source files have been analyzed
INFO: Sensor JavaXmlSensor [java] (done) | time=1948ms
INFO: Sensor HTML [web]
INFO: Sensor HTML [web] (done) | time=46ms
INFO: Sensor XML Sensor [xml]
INFO: 415 source files to be analyzed
INFO: 415/415 source files have been analyzed
INFO: Sensor XML Sensor [xml] (done) | time=1168ms
INFO: ------------- Run sensors on project
INFO: Sensor Zero Coverage Sensor
INFO: Sensor Zero Coverage Sensor (done) | time=244ms
INFO: Sensor Java CPD Block Indexer
INFO: Sensor Java CPD Block Indexer (done) | time=1058ms
INFO: SCM provider for this project is: git
INFO: 1 files to be analyzed
INFO: 0/1 files analyzed
WARN: Missing blame information for the following files:
WARN:   * model-workplace/src/main/java/jp/rhp/model/workplace/WorkplaceRepository.java
WARN: This may lead to missing/broken features in SonarQube
INFO: 400 files had no CPD blocks
INFO: Calculating CPD for 1529 files
INFO: CPD calculation finished
INFO: Analysis report generated in 730ms, dir size=14 MB
INFO: Analysis report compressed in 4801ms, zip size=7 MB
INFO: Analysis report uploaded in 2066ms
INFO: ANALYSIS SUCCESSFUL, you can browse http://sonarqube:9000/dashboard?id=demo-project
INFO: Note that you will be able to access the updated dashboard once the server has processed the submitted analysis report
INFO: More about the report processing at http://sonarqube:9000/api/ce/task?id=AWqCNVm9ETUdoo8_17fW
INFO: Analysis total time: 1:34.638 s
INFO: ------------------------------------------------------------------------
INFO: EXECUTION SUCCESS
INFO: ------------------------------------------------------------------------
INFO: Total time: 1:36.937s
INFO: Final Memory: 28M/732M
INFO: ------------------------------------------------------------------------
section_end:1556962704:build_script[0Ksection_start:1556962704:after_script[0Ksection_end:1556962709:after_script[0Ksection_start:1556962709:archive_cache[0Ksection_end:1556962712:archive_cache[0Ksection_start:1556962712:upload_artifacts_on_success[0Ksection_end:1556962714:upload_artifacts_on_success[0K[32;1mJob succeeded
[0;m