07-May-2019 01:34:01.387 INFO [Thread-5] org.apache.coyote.AbstractProtocol.pause Pausing ProtocolHandler ["http-nio-8080"]
07-May-2019 01:34:01.450 INFO [Thread-5] org.apache.coyote.AbstractProtocol.pause Pausing ProtocolHandler ["ajp-nio-8009"]
07-May-2019 01:34:01.456 INFO [Thread-5] org.apache.catalina.core.StandardService.stopInternal Stopping service [Catalina]
07-May-2019 01:34:01.552 INFO [Thread-5] org.apache.coyote.AbstractProtocol.stop Stopping ProtocolHandler ["http-nio-8080"]
07-May-2019 01:34:01.555 INFO [Thread-5] org.apache.coyote.AbstractProtocol.stop Stopping ProtocolHandler ["ajp-nio-8009"]
07-May-2019 01:34:01.572 INFO [Thread-5] org.apache.coyote.AbstractProtocol.destroy Destroying ProtocolHandler ["http-nio-8080"]
07-May-2019 01:34:01.573 INFO [Thread-5] org.apache.coyote.AbstractProtocol.destroy Destroying ProtocolHandler ["ajp-nio-8009"]
May 07, 2019 1:34:32 AM org.apache.catalina.startup.ClassLoaderFactory validateFile
WARNING: Problem with directory [/usr/local/tomcat/webapps/"/usr/local/tomcat/lib"], exists: [false], isDirectory: [false], canRead: [false]
May 07, 2019 1:34:32 AM org.apache.catalina.startup.ClassLoaderFactory validateFile
WARNING: Problem with directory [/usr/local/tomcat/webapps/"/usr/local/tomcat/lib/*.jar"], exists: [false], isDirectory: [false], canRead: [false]
May 07, 2019 1:34:32 AM org.apache.catalina.startup.ClassLoaderFactory validateFile
WARNING: Problem with directory [/usr/local/tomcat/webapps/"/usr/local/tomcat/lib"], exists: [false], isDirectory: [false], canRead: [false]
May 07, 2019 1:34:32 AM org.apache.catalina.startup.ClassLoaderFactory validateFile
WARNING: Problem with directory [/usr/local/tomcat/webapps/"/usr/local/tomcat/lib/*.jar"], exists: [false], isDirectory: [false], canRead: [false]
May 07, 2019 1:34:32 AM org.apache.catalina.startup.ClassLoaderFactory validateFile
WARNING: Problem with directory [/usr/local/tomcat/shared-lib], exists: [false], isDirectory: [false], canRead: [false]
May 07, 2019 1:37:57 AM org.apache.catalina.startup.ClassLoaderFactory validateFile
WARNING: Problem with directory [/usr/local/tomcat/webapps/"/usr/local/tomcat/lib"], exists: [false], isDirectory: [false], canRead: [false]
May 07, 2019 1:37:57 AM org.apache.catalina.startup.ClassLoaderFactory validateFile
WARNING: Problem with directory [/usr/local/tomcat/webapps/"/usr/local/tomcat/lib/*.jar"], exists: [false], isDirectory: [false], canRead: [false]
May 07, 2019 1:37:57 AM org.apache.catalina.startup.ClassLoaderFactory validateFile
WARNING: Problem with directory [/usr/local/tomcat/webapps/"/usr/local/tomcat/lib"], exists: [false], isDirectory: [false], canRead: [false]
May 07, 2019 1:37:57 AM org.apache.catalina.startup.ClassLoaderFactory validateFile
WARNING: Problem with directory [/usr/local/tomcat/webapps/"/usr/local/tomcat/lib/*.jar"], exists: [false], isDirectory: [false], canRead: [false]
May 07, 2019 1:37:57 AM org.apache.catalina.startup.ClassLoaderFactory validateFile
WARNING: Problem with directory [/usr/local/tomcat/shared-lib], exists: [false], isDirectory: [false], canRead: [false]
May 07, 2019 1:39:41 AM org.apache.catalina.startup.ClassLoaderFactory validateFile
WARNING: Problem with directory [/usr/local/tomcat/webapps/"/usr/local/tomcat/lib"], exists: [false], isDirectory: [false], canRead: [false]
May 07, 2019 1:39:41 AM org.apache.catalina.startup.ClassLoaderFactory validateFile
WARNING: Problem with directory [/usr/local/tomcat/webapps/"/usr/local/tomcat/lib/*.jar"], exists: [false], isDirectory: [false], canRead: [false]
May 07, 2019 1:39:41 AM org.apache.catalina.startup.ClassLoaderFactory validateFile
WARNING: Problem with directory [/usr/local/tomcat/webapps/"/usr/local/tomcat/lib"], exists: [false], isDirectory: [false], canRead: [false]
May 07, 2019 1:39:41 AM org.apache.catalina.startup.ClassLoaderFactory validateFile
WARNING: Problem with directory [/usr/local/tomcat/webapps/"/usr/local/tomcat/lib/*.jar"], exists: [false], isDirectory: [false], canRead: [false]
May 07, 2019 1:39:41 AM org.apache.catalina.startup.ClassLoaderFactory validateFile
WARNING: Problem with directory [/usr/local/tomcat/shared-lib], exists: [false], isDirectory: [false], canRead: [false]
May 07, 2019 1:41:29 AM org.apache.catalina.startup.ClassLoaderFactory validateFile
WARNING: Problem with directory [/usr/local/tomcat/webapps/"/usr/local/tomcat/lib"], exists: [false], isDirectory: [false], canRead: [false]
May 07, 2019 1:41:29 AM org.apache.catalina.startup.ClassLoaderFactory validateFile
WARNING: Problem with directory [/usr/local/tomcat/webapps/"/usr/local/tomcat/lib/*.jar"], exists: [false], isDirectory: [false], canRead: [false]
May 07, 2019 1:41:29 AM org.apache.catalina.startup.ClassLoaderFactory validateFile
WARNING: Problem with directory [/usr/local/tomcat/webapps/"/usr/local/tomcat/lib"], exists: [false], isDirectory: [false], canRead: [false]
May 07, 2019 1:41:29 AM org.apache.catalina.startup.ClassLoaderFactory validateFile
WARNING: Problem with directory [/usr/local/tomcat/webapps/"/usr/local/tomcat/lib/*.jar"], exists: [false], isDirectory: [false], canRead: [false]
May 07, 2019 1:44:59 AM org.apache.catalina.core.AprLifecycleListener init
INFO: Loaded APR based Apache Tomcat Native library 1.2.12 using APR version 1.5.1.
May 07, 2019 1:44:59 AM org.apache.catalina.core.AprLifecycleListener init
INFO: APR capabilities: IPv6 [true], sendfile [true], accept filters [false], random [true].
May 07, 2019 1:44:59 AM org.apache.catalina.core.AprLifecycleListener initializeSSL
INFO: OpenSSL successfully initialized with version OpenSSL 1.1.0f  25 May 2017
May 07, 2019 1:45:00 AM org.apache.coyote.http11.Http11AprProtocol init
INFO: Initializing Coyote HTTP/1.1 on http-8080
May 07, 2019 1:45:00 AM org.apache.coyote.ajp.AjpAprProtocol init
INFO: Initializing Coyote AJP/1.3 on ajp-8009
May 07, 2019 1:45:00 AM org.apache.catalina.startup.Catalina load
INFO: Initialization processed in 1379 ms
May 07, 2019 1:45:00 AM org.apache.catalina.core.StandardService start
INFO: Starting service Catalina
May 07, 2019 1:45:00 AM org.apache.catalina.core.StandardEngine start
INFO: Starting Servlet Engine: Apache Tomcat/6.0.53
May 07, 2019 1:45:00 AM org.apache.catalina.startup.HostConfig deployWAR
INFO: Deploying web application archive web-advertisementorder-callcenter.war
May 07, 2019 1:45:00 AM org.apache.catalina.core.StandardContext start
SEVERE: Error listenerStart
May 07, 2019 1:45:00 AM org.apache.catalina.core.StandardContext start
SEVERE: Context [/web-advertisementorder-callcenter] startup failed due to previous errors
May 07, 2019 1:45:00 AM org.apache.catalina.startup.HostConfig deployWAR
INFO: Deploying web application archive web-entry-callcenter.war
May 07, 2019 1:45:01 AM org.apache.catalina.core.StandardContext start
SEVERE: Error listenerStart
May 07, 2019 1:45:01 AM org.apache.catalina.core.StandardContext start
SEVERE: Context [/web-entry-callcenter] startup failed due to previous errors
May 07, 2019 1:45:01 AM org.apache.catalina.startup.HostConfig deployDirectory
INFO: Deploying web application directory ROOT
May 07, 2019 1:45:01 AM org.apache.catalina.startup.HostConfig deployDirectory
INFO: Deploying web application directory docs
May 07, 2019 1:45:01 AM org.apache.catalina.startup.HostConfig deployDirectory
INFO: Deploying web application directory examples
May 07, 2019 1:45:01 AM org.apache.catalina.startup.HostConfig deployDirectory
INFO: Deploying web application directory host-manager
May 07, 2019 1:45:01 AM org.apache.catalina.startup.HostConfig deployDirectory
INFO: Deploying web application directory manager
May 07, 2019 1:45:01 AM org.apache.coyote.http11.Http11AprProtocol start
INFO: Starting Coyote HTTP/1.1 on http-8080
May 07, 2019 1:45:01 AM org.apache.coyote.ajp.AjpAprProtocol start
INFO: Starting Coyote AJP/1.3 on ajp-8009
May 07, 2019 1:45:01 AM org.apache.catalina.startup.Catalina start
INFO: Server startup in 1659 ms
May 07, 2019 1:45:19 AM org.apache.coyote.http11.Http11AprProtocol pause
INFO: Pausing Coyote HTTP/1.1 on http-8080
May 07, 2019 1:45:19 AM org.apache.coyote.ajp.AjpAprProtocol pause
INFO: Pausing Coyote AJP/1.3 on ajp-8009
May 07, 2019 1:45:20 AM org.apache.catalina.core.StandardService stop
INFO: Stopping service Catalina
May 07, 2019 1:45:20 AM org.apache.coyote.http11.Http11AprProtocol destroy
INFO: Stopping Coyote HTTP/1.1 on http-8080
May 07, 2019 1:45:20 AM org.apache.coyote.ajp.AjpAprProtocol destroy
INFO: Stopping Coyote AJP/1.3 on ajp-8009
May 07, 2019 1:45:57 AM org.apache.catalina.core.AprLifecycleListener init
INFO: Loaded APR based Apache Tomcat Native library 1.2.12 using APR version 1.5.1.
May 07, 2019 1:45:57 AM org.apache.catalina.core.AprLifecycleListener init
INFO: APR capabilities: IPv6 [true], sendfile [true], accept filters [false], random [true].
May 07, 2019 1:45:57 AM org.apache.catalina.core.AprLifecycleListener initializeSSL
INFO: OpenSSL successfully initialized with version OpenSSL 1.1.0f  25 May 2017
May 07, 2019 1:45:57 AM org.apache.coyote.http11.Http11AprProtocol init
INFO: Initializing Coyote HTTP/1.1 on http-8080
May 07, 2019 1:45:57 AM org.apache.coyote.ajp.AjpAprProtocol init
INFO: Initializing Coyote AJP/1.3 on ajp-8009
May 07, 2019 1:45:57 AM org.apache.catalina.startup.Catalina load
INFO: Initialization processed in 386 ms
May 07, 2019 1:45:57 AM org.apache.catalina.core.StandardService start
INFO: Starting service Catalina
May 07, 2019 1:45:57 AM org.apache.catalina.core.StandardEngine start
INFO: Starting Servlet Engine: Apache Tomcat/6.0.53
May 07, 2019 1:45:57 AM org.apache.catalina.startup.HostConfig deployWAR
INFO: Deploying web application archive web-advertisementorder-callcenter.war
May 07, 2019 1:45:58 AM org.apache.catalina.core.StandardContext start
SEVERE: Error listenerStart
May 07, 2019 1:45:58 AM org.apache.catalina.core.StandardContext start
SEVERE: Context [/web-advertisementorder-callcenter] startup failed due to previous errors
May 07, 2019 1:45:58 AM org.apache.catalina.startup.HostConfig deployWAR
INFO: Deploying web application archive web-entry-callcenter.war
May 07, 2019 1:45:58 AM org.apache.catalina.core.StandardContext start
SEVERE: Error listenerStart
May 07, 2019 1:45:58 AM org.apache.catalina.core.StandardContext start
SEVERE: Context [/web-entry-callcenter] startup failed due to previous errors
May 07, 2019 1:45:58 AM org.apache.catalina.startup.HostConfig deployDirectory
INFO: Deploying web application directory ROOT
May 07, 2019 1:45:58 AM org.apache.catalina.startup.HostConfig deployDirectory
INFO: Deploying web application directory docs
May 07, 2019 1:45:58 AM org.apache.catalina.startup.HostConfig deployDirectory
INFO: Deploying web application directory examples
May 07, 2019 1:45:58 AM org.apache.catalina.startup.HostConfig deployDirectory
INFO: Deploying web application directory host-manager
May 07, 2019 1:45:58 AM org.apache.catalina.startup.HostConfig deployDirectory
INFO: Deploying web application directory manager
May 07, 2019 1:45:58 AM org.apache.coyote.http11.Http11AprProtocol start
INFO: Starting Coyote HTTP/1.1 on http-8080
May 07, 2019 1:45:58 AM org.apache.coyote.ajp.AjpAprProtocol start
INFO: Starting Coyote AJP/1.3 on ajp-8009
May 07, 2019 1:45:58 AM org.apache.catalina.startup.Catalina start
INFO: Server startup in 1230 ms
May 07, 2019 1:50:07 AM org.apache.coyote.http11.Http11AprProtocol pause
INFO: Pausing Coyote HTTP/1.1 on http-8080
May 07, 2019 1:50:07 AM org.apache.coyote.ajp.AjpAprProtocol pause
INFO: Pausing Coyote AJP/1.3 on ajp-8009
May 07, 2019 1:50:08 AM org.apache.catalina.core.StandardService stop
INFO: Stopping service Catalina
May 07, 2019 1:50:09 AM org.apache.coyote.http11.Http11AprProtocol destroy
INFO: Stopping Coyote HTTP/1.1 on http-8080
May 07, 2019 1:50:09 AM org.apache.coyote.ajp.AjpAprProtocol destroy
INFO: Stopping Coyote AJP/1.3 on ajp-8009
May 07, 2019 2:56:20 AM org.apache.catalina.core.AprLifecycleListener init
INFO: Loaded APR based Apache Tomcat Native library 1.2.12 using APR version 1.5.1.
May 07, 2019 2:56:20 AM org.apache.catalina.core.AprLifecycleListener init
INFO: APR capabilities: IPv6 [true], sendfile [true], accept filters [false], random [true].
May 07, 2019 2:56:20 AM org.apache.catalina.core.AprLifecycleListener initializeSSL
INFO: OpenSSL successfully initialized with version OpenSSL 1.1.0f  25 May 2017
May 07, 2019 2:56:20 AM org.apache.coyote.http11.Http11AprProtocol init
INFO: Initializing Coyote HTTP/1.1 on http-8080
May 07, 2019 2:56:20 AM org.apache.coyote.ajp.AjpAprProtocol init
INFO: Initializing Coyote AJP/1.3 on ajp-8009
May 07, 2019 2:56:20 AM org.apache.catalina.startup.Catalina load
INFO: Initialization processed in 360 ms
May 07, 2019 2:56:20 AM org.apache.catalina.core.StandardService start
INFO: Starting service Catalina
May 07, 2019 2:56:20 AM org.apache.catalina.core.StandardEngine start
INFO: Starting Servlet Engine: Apache Tomcat/6.0.53
May 07, 2019 2:56:20 AM org.apache.catalina.startup.HostConfig deployWAR
INFO: Deploying web application archive web-advertisementorder-callcenter.war
May 07, 2019 2:56:21 AM org.apache.catalina.core.StandardContext start
SEVERE: Error listenerStart
May 07, 2019 2:56:21 AM org.apache.catalina.core.StandardContext start
SEVERE: Context [/web-advertisementorder-callcenter] startup failed due to previous errors
May 07, 2019 2:56:21 AM org.apache.catalina.startup.HostConfig deployWAR
INFO: Deploying web application archive web-entry-callcenter.war
May 07, 2019 2:56:21 AM org.apache.catalina.core.StandardContext start
SEVERE: Error listenerStart
May 07, 2019 2:56:21 AM org.apache.catalina.core.StandardContext start
SEVERE: Context [/web-entry-callcenter] startup failed due to previous errors
May 07, 2019 2:56:21 AM org.apache.catalina.startup.HostConfig deployDirectory
INFO: Deploying web application directory ROOT
May 07, 2019 2:56:21 AM org.apache.catalina.startup.HostConfig deployDirectory
INFO: Deploying web application directory docs
May 07, 2019 2:56:21 AM org.apache.catalina.startup.HostConfig deployDirectory
INFO: Deploying web application directory examples
May 07, 2019 2:56:21 AM org.apache.catalina.startup.HostConfig deployDirectory
INFO: Deploying web application directory host-manager
May 07, 2019 2:56:21 AM org.apache.catalina.startup.HostConfig deployDirectory
INFO: Deploying web application directory manager
May 07, 2019 2:56:21 AM org.apache.coyote.http11.Http11AprProtocol start
INFO: Starting Coyote HTTP/1.1 on http-8080
May 07, 2019 2:56:21 AM org.apache.coyote.ajp.AjpAprProtocol start
INFO: Starting Coyote AJP/1.3 on ajp-8009
May 07, 2019 2:56:21 AM org.apache.catalina.startup.Catalina start
INFO: Server startup in 1324 ms
May 07, 2019 2:56:57 AM org.apache.coyote.http11.Http11AprProtocol pause
INFO: Pausing Coyote HTTP/1.1 on http-8080
May 07, 2019 2:56:57 AM org.apache.coyote.ajp.AjpAprProtocol pause
INFO: Pausing Coyote AJP/1.3 on ajp-8009
May 07, 2019 2:56:58 AM org.apache.catalina.core.StandardService stop
INFO: Stopping service Catalina
May 07, 2019 2:56:58 AM org.apache.coyote.http11.Http11AprProtocol destroy
INFO: Stopping Coyote HTTP/1.1 on http-8080
May 07, 2019 2:56:58 AM org.apache.coyote.ajp.AjpAprProtocol destroy
INFO: Stopping Coyote AJP/1.3 on ajp-8009
May 07, 2019 2:57:53 AM org.apache.catalina.core.AprLifecycleListener init
INFO: Loaded APR based Apache Tomcat Native library 1.2.12 using APR version 1.5.1.
May 07, 2019 2:57:53 AM org.apache.catalina.core.AprLifecycleListener init
INFO: APR capabilities: IPv6 [true], sendfile [true], accept filters [false], random [true].
May 07, 2019 2:57:53 AM org.apache.catalina.core.AprLifecycleListener initializeSSL
INFO: OpenSSL successfully initialized with version OpenSSL 1.1.0f  25 May 2017
May 07, 2019 2:57:53 AM org.apache.coyote.http11.Http11AprProtocol init
INFO: Initializing Coyote HTTP/1.1 on http-8080
May 07, 2019 2:57:53 AM org.apache.coyote.ajp.AjpAprProtocol init
INFO: Initializing Coyote AJP/1.3 on ajp-8009
May 07, 2019 2:57:53 AM org.apache.catalina.startup.Catalina load
INFO: Initialization processed in 380 ms
May 07, 2019 2:57:53 AM org.apache.catalina.core.StandardService start
INFO: Starting service Catalina
May 07, 2019 2:57:53 AM org.apache.catalina.core.StandardEngine start
INFO: Starting Servlet Engine: Apache Tomcat/6.0.53
May 07, 2019 2:57:54 AM org.apache.catalina.startup.HostConfig deployWAR
INFO: Deploying web application archive web-advertisementorder-callcenter.war
May 07, 2019 2:57:57 AM org.apache.catalina.core.StandardContext start
SEVERE: Error listenerStart
May 07, 2019 2:57:57 AM org.apache.catalina.core.StandardContext start
SEVERE: Context [/web-advertisementorder-callcenter] startup failed due to previous errors
May 07, 2019 2:57:57 AM org.apache.catalina.startup.HostConfig deployWAR
INFO: Deploying web application archive web-entry-callcenter.war
May 07, 2019 2:57:59 AM org.apache.catalina.core.StandardContext start
SEVERE: Error listenerStart
May 07, 2019 2:57:59 AM org.apache.catalina.core.StandardContext start
SEVERE: Context [/web-entry-callcenter] startup failed due to previous errors
May 07, 2019 2:57:59 AM org.apache.catalina.startup.HostConfig deployDirectory
INFO: Deploying web application directory ROOT
May 07, 2019 2:57:59 AM org.apache.catalina.startup.HostConfig deployDirectory
INFO: Deploying web application directory docs
May 07, 2019 2:57:59 AM org.apache.catalina.startup.HostConfig deployDirectory
INFO: Deploying web application directory examples
May 07, 2019 2:57:59 AM org.apache.catalina.startup.HostConfig deployDirectory
INFO: Deploying web application directory host-manager
May 07, 2019 2:57:59 AM org.apache.catalina.startup.HostConfig deployDirectory
INFO: Deploying web application directory manager
May 07, 2019 2:57:59 AM org.apache.coyote.http11.Http11AprProtocol start
INFO: Starting Coyote HTTP/1.1 on http-8080
May 07, 2019 2:57:59 AM org.apache.coyote.ajp.AjpAprProtocol start
INFO: Starting Coyote AJP/1.3 on ajp-8009
May 07, 2019 2:57:59 AM org.apache.catalina.startup.Catalina start
INFO: Server startup in 5675 ms
May 07, 2019 2:58:23 AM org.apache.coyote.http11.Http11AprProtocol pause
INFO: Pausing Coyote HTTP/1.1 on http-8080
May 07, 2019 2:58:23 AM org.apache.coyote.ajp.AjpAprProtocol pause
INFO: Pausing Coyote AJP/1.3 on ajp-8009
May 07, 2019 2:58:24 AM org.apache.catalina.core.StandardService stop
INFO: Stopping service Catalina
May 07, 2019 2:58:24 AM org.apache.coyote.http11.Http11AprProtocol destroy
INFO: Stopping Coyote HTTP/1.1 on http-8080
May 07, 2019 2:58:24 AM org.apache.coyote.ajp.AjpAprProtocol destroy
INFO: Stopping Coyote AJP/1.3 on ajp-8009
May 07, 2019 2:59:07 AM org.apache.catalina.core.AprLifecycleListener init
INFO: Loaded APR based Apache Tomcat Native library 1.2.12 using APR version 1.5.1.
May 07, 2019 2:59:07 AM org.apache.catalina.core.AprLifecycleListener init
INFO: APR capabilities: IPv6 [true], sendfile [true], accept filters [false], random [true].
May 07, 2019 2:59:07 AM org.apache.catalina.core.AprLifecycleListener initializeSSL
INFO: OpenSSL successfully initialized with version OpenSSL 1.1.0f  25 May 2017
May 07, 2019 2:59:07 AM org.apache.coyote.http11.Http11AprProtocol init
INFO: Initializing Coyote HTTP/1.1 on http-8080
May 07, 2019 2:59:08 AM org.apache.coyote.ajp.AjpAprProtocol init
INFO: Initializing Coyote AJP/1.3 on ajp-8009
May 07, 2019 2:59:08 AM org.apache.catalina.startup.Catalina load
INFO: Initialization processed in 555 ms
May 07, 2019 2:59:08 AM org.apache.catalina.core.StandardService start
INFO: Starting service Catalina
May 07, 2019 2:59:08 AM org.apache.catalina.core.StandardEngine start
INFO: Starting Servlet Engine: Apache Tomcat/6.0.53
May 07, 2019 2:59:08 AM org.apache.catalina.startup.HostConfig deployWAR
INFO: Deploying web application archive web-advertisementorder-callcenter.war
May 07, 2019 2:59:08 AM org.apache.catalina.core.StandardContext start
SEVERE: Error listenerStart
May 07, 2019 2:59:08 AM org.apache.catalina.core.StandardContext start
SEVERE: Context [/web-advertisementorder-callcenter] startup failed due to previous errors
May 07, 2019 2:59:08 AM org.apache.catalina.startup.HostConfig deployWAR
INFO: Deploying web application archive web-entry-callcenter.war
May 07, 2019 2:59:08 AM org.apache.catalina.core.StandardContext start
SEVERE: Error listenerStart
May 07, 2019 2:59:08 AM org.apache.catalina.core.StandardContext start
SEVERE: Context [/web-entry-callcenter] startup failed due to previous errors
May 07, 2019 2:59:08 AM org.apache.catalina.startup.HostConfig deployDirectory
INFO: Deploying web application directory ROOT
May 07, 2019 2:59:08 AM org.apache.catalina.startup.HostConfig deployDirectory
INFO: Deploying web application directory docs
May 07, 2019 2:59:08 AM org.apache.catalina.startup.HostConfig deployDirectory
INFO: Deploying web application directory examples
May 07, 2019 2:59:09 AM org.apache.catalina.startup.HostConfig deployDirectory
INFO: Deploying web application directory host-manager
May 07, 2019 2:59:09 AM org.apache.catalina.startup.HostConfig deployDirectory
INFO: Deploying web application directory manager
May 07, 2019 2:59:09 AM org.apache.coyote.http11.Http11AprProtocol start
INFO: Starting Coyote HTTP/1.1 on http-8080
May 07, 2019 2:59:09 AM org.apache.coyote.ajp.AjpAprProtocol start
INFO: Starting Coyote AJP/1.3 on ajp-8009
May 07, 2019 2:59:09 AM org.apache.catalina.startup.Catalina start
INFO: Server startup in 1213 ms
May 07, 2019 2:59:23 AM org.apache.coyote.http11.Http11AprProtocol pause
INFO: Pausing Coyote HTTP/1.1 on http-8080
May 07, 2019 2:59:23 AM org.apache.coyote.ajp.AjpAprProtocol pause
INFO: Pausing Coyote AJP/1.3 on ajp-8009
May 07, 2019 2:59:24 AM org.apache.catalina.core.StandardService stop
INFO: Stopping service Catalina
May 07, 2019 2:59:24 AM org.apache.coyote.http11.Http11AprProtocol destroy
INFO: Stopping Coyote HTTP/1.1 on http-8080
May 07, 2019 2:59:24 AM org.apache.coyote.ajp.AjpAprProtocol destroy
INFO: Stopping Coyote AJP/1.3 on ajp-8009
May 07, 2019 2:59:49 AM org.apache.catalina.core.AprLifecycleListener init
INFO: Loaded APR based Apache Tomcat Native library 1.2.12 using APR version 1.5.1.
May 07, 2019 2:59:49 AM org.apache.catalina.core.AprLifecycleListener init
INFO: APR capabilities: IPv6 [true], sendfile [true], accept filters [false], random [true].
May 07, 2019 2:59:49 AM org.apache.catalina.core.AprLifecycleListener initializeSSL
INFO: OpenSSL successfully initialized with version OpenSSL 1.1.0f  25 May 2017
May 07, 2019 2:59:49 AM org.apache.coyote.http11.Http11AprProtocol init
INFO: Initializing Coyote HTTP/1.1 on http-8080
May 07, 2019 2:59:49 AM org.apache.coyote.ajp.AjpAprProtocol init
INFO: Initializing Coyote AJP/1.3 on ajp-8009
May 07, 2019 2:59:49 AM org.apache.catalina.startup.Catalina load
INFO: Initialization processed in 375 ms
May 07, 2019 2:59:49 AM org.apache.catalina.core.StandardService start
INFO: Starting service Catalina
May 07, 2019 2:59:49 AM org.apache.catalina.core.StandardEngine start
INFO: Starting Servlet Engine: Apache Tomcat/6.0.53
May 07, 2019 2:59:49 AM org.apache.catalina.startup.HostConfig deployWAR
INFO: Deploying web application archive web-advertisementorder-callcenter.war
May 07, 2019 2:59:53 AM org.apache.catalina.core.StandardContext start
SEVERE: Error listenerStart
May 07, 2019 2:59:53 AM org.apache.catalina.core.StandardContext start
SEVERE: Context [/web-advertisementorder-callcenter] startup failed due to previous errors
May 07, 2019 2:59:53 AM org.apache.catalina.startup.HostConfig deployWAR
INFO: Deploying web application archive web-entry-callcenter.war
May 07, 2019 2:59:54 AM org.apache.catalina.core.StandardContext start
SEVERE: Error listenerStart
May 07, 2019 2:59:54 AM org.apache.catalina.core.StandardContext start
SEVERE: Context [/web-entry-callcenter] startup failed due to previous errors
May 07, 2019 2:59:54 AM org.apache.catalina.startup.HostConfig deployDirectory
INFO: Deploying web application directory ROOT
May 07, 2019 2:59:54 AM org.apache.catalina.startup.HostConfig deployDirectory
INFO: Deploying web application directory docs
May 07, 2019 2:59:55 AM org.apache.catalina.startup.HostConfig deployDirectory
INFO: Deploying web application directory examples
May 07, 2019 2:59:55 AM org.apache.catalina.startup.HostConfig deployDirectory
INFO: Deploying web application directory host-manager
May 07, 2019 2:59:55 AM org.apache.catalina.startup.HostConfig deployDirectory
INFO: Deploying web application directory manager
May 07, 2019 2:59:55 AM org.apache.coyote.http11.Http11AprProtocol start
INFO: Starting Coyote HTTP/1.1 on http-8080
May 07, 2019 2:59:55 AM org.apache.coyote.ajp.AjpAprProtocol start
INFO: Starting Coyote AJP/1.3 on ajp-8009
May 07, 2019 2:59:55 AM org.apache.catalina.startup.Catalina start
INFO: Server startup in 5971 ms
May 07, 2019 3:48:44 AM org.apache.coyote.http11.Http11AprProtocol pause
INFO: Pausing Coyote HTTP/1.1 on http-8080
May 07, 2019 3:48:44 AM org.apache.coyote.ajp.AjpAprProtocol pause
INFO: Pausing Coyote AJP/1.3 on ajp-8009
May 07, 2019 3:48:45 AM org.apache.catalina.core.StandardService stop
INFO: Stopping service Catalina
May 07, 2019 3:48:45 AM org.apache.coyote.http11.Http11AprProtocol destroy
INFO: Stopping Coyote HTTP/1.1 on http-8080
May 07, 2019 3:48:45 AM org.apache.coyote.ajp.AjpAprProtocol destroy
INFO: Stopping Coyote AJP/1.3 on ajp-8009
07-May-2019 03:48:54.445 INFO [main] org.apache.catalina.startup.VersionLoggerListener.log Server version:        Apache Tomcat/8.5.40
07-May-2019 03:48:54.462 INFO [main] org.apache.catalina.startup.VersionLoggerListener.log Server built:          Apr 10 2019 14:31:19 UTC
07-May-2019 03:48:54.462 INFO [main] org.apache.catalina.startup.VersionLoggerListener.log Server number:         8.5.40.0
07-May-2019 03:48:54.462 INFO [main] org.apache.catalina.startup.VersionLoggerListener.log OS Name:               Linux
07-May-2019 03:48:54.462 INFO [main] org.apache.catalina.startup.VersionLoggerListener.log OS Version:            3.10.0-957.12.1.el7.x86_64
07-May-2019 03:48:54.462 INFO [main] org.apache.catalina.startup.VersionLoggerListener.log Architecture:          amd64
07-May-2019 03:48:54.462 INFO [main] org.apache.catalina.startup.VersionLoggerListener.log Java Home:             /usr/lib/jvm/java-8-openjdk-amd64/jre
07-May-2019 03:48:54.462 INFO [main] org.apache.catalina.startup.VersionLoggerListener.log JVM Version:           1.8.0_212-8u212-b01-1~deb9u1-b01
07-May-2019 03:48:54.462 INFO [main] org.apache.catalina.startup.VersionLoggerListener.log JVM Vendor:            Oracle Corporation
07-May-2019 03:48:54.463 INFO [main] org.apache.catalina.startup.VersionLoggerListener.log CATALINA_BASE:         /usr/local/tomcat
07-May-2019 03:48:54.463 INFO [main] org.apache.catalina.startup.VersionLoggerListener.log CATALINA_HOME:         /usr/local/tomcat
07-May-2019 03:48:54.463 INFO [main] org.apache.catalina.startup.VersionLoggerListener.log Command line argument: -Djava.util.logging.config.file=/usr/local/tomcat/conf/logging.properties
07-May-2019 03:48:54.463 INFO [main] org.apache.catalina.startup.VersionLoggerListener.log Command line argument: -Djava.util.logging.manager=org.apache.juli.ClassLoaderLogManager
07-May-2019 03:48:54.463 INFO [main] org.apache.catalina.startup.VersionLoggerListener.log Command line argument: -Djdk.tls.ephemeralDHKeySize=2048
07-May-2019 03:48:54.463 INFO [main] org.apache.catalina.startup.VersionLoggerListener.log Command line argument: -Djava.protocol.handler.pkgs=org.apache.catalina.webresources
07-May-2019 03:48:54.463 INFO [main] org.apache.catalina.startup.VersionLoggerListener.log Command line argument: -Dorg.apache.catalina.security.SecurityListener.UMASK=0027
07-May-2019 03:48:54.464 INFO [main] org.apache.catalina.startup.VersionLoggerListener.log Command line argument: -Dignore.endorsed.dirs=
07-May-2019 03:48:54.464 INFO [main] org.apache.catalina.startup.VersionLoggerListener.log Command line argument: -Dcatalina.base=/usr/local/tomcat
07-May-2019 03:48:54.464 INFO [main] org.apache.catalina.startup.VersionLoggerListener.log Command line argument: -Dcatalina.home=/usr/local/tomcat
07-May-2019 03:48:54.464 INFO [main] org.apache.catalina.startup.VersionLoggerListener.log Command line argument: -Djava.io.tmpdir=/usr/local/tomcat/temp
07-May-2019 03:48:54.464 INFO [main] org.apache.catalina.core.AprLifecycleListener.lifecycleEvent Loaded APR based Apache Tomcat Native library [1.2.21] using APR version [1.5.2].
07-May-2019 03:48:54.464 INFO [main] org.apache.catalina.core.AprLifecycleListener.lifecycleEvent APR capabilities: IPv6 [true], sendfile [true], accept filters [false], random [true].
07-May-2019 03:48:54.464 INFO [main] org.apache.catalina.core.AprLifecycleListener.lifecycleEvent APR/OpenSSL configuration: useAprConnector [false], useOpenSSL [true]
07-May-2019 03:48:54.494 INFO [main] org.apache.catalina.core.AprLifecycleListener.initializeSSL OpenSSL successfully initialized [OpenSSL 1.1.0j  20 Nov 2018]
07-May-2019 03:48:54.881 INFO [main] org.apache.coyote.AbstractProtocol.init Initializing ProtocolHandler ["http-nio-8080"]
07-May-2019 03:48:54.913 INFO [main] org.apache.tomcat.util.net.NioSelectorPool.getSharedSelector Using a shared selector for servlet write/read
07-May-2019 03:48:54.924 INFO [main] org.apache.coyote.AbstractProtocol.init Initializing ProtocolHandler ["ajp-nio-8009"]
07-May-2019 03:48:54.925 INFO [main] org.apache.tomcat.util.net.NioSelectorPool.getSharedSelector Using a shared selector for servlet write/read
07-May-2019 03:48:54.927 INFO [main] org.apache.catalina.startup.Catalina.load Initialization processed in 1646 ms
07-May-2019 03:48:55.009 INFO [main] org.apache.catalina.core.StandardService.startInternal Starting service [Catalina]
07-May-2019 03:48:55.010 INFO [main] org.apache.catalina.core.StandardEngine.startInternal Starting Servlet Engine: Apache Tomcat/8.5.40
07-May-2019 03:48:55.117 INFO [localhost-startStop-1] org.apache.catalina.startup.HostConfig.deployWAR Deploying web application archive [/usr/local/tomcat/webapps/web-advertisementorder-callcenter.war]
07-May-2019 03:48:58.024 INFO [localhost-startStop-1] org.apache.jasper.servlet.TldScanner.scanJars At least one JAR was scanned for TLDs yet contained no TLDs. Enable debug logging for this logger for a complete list of JARs that were scanned but no TLDs were found in them. Skipping unneeded JARs during scanning can improve startup time and JSP compilation time.
07-May-2019 03:49:00.656 SEVERE [localhost-startStop-1] org.apache.catalina.core.StandardContext.startInternal One or more listeners failed to start. Full details will be found in the appropriate container log file
07-May-2019 03:49:00.670 SEVERE [localhost-startStop-1] org.apache.catalina.core.StandardContext.startInternal Context [/web-advertisementorder-callcenter] startup failed due to previous errors
07-May-2019 03:49:00.688 INFO [localhost-startStop-1] org.apache.catalina.startup.HostConfig.deployWAR Deployment of web application archive [/usr/local/tomcat/webapps/web-advertisementorder-callcenter.war] has finished in [5,571] ms
07-May-2019 03:49:00.689 INFO [localhost-startStop-1] org.apache.catalina.startup.HostConfig.deployWAR Deploying web application archive [/usr/local/tomcat/webapps/web-entry-callcenter.war]
07-May-2019 03:49:05.185 INFO [localhost-startStop-1] org.apache.jasper.servlet.TldScanner.scanJars At least one JAR was scanned for TLDs yet contained no TLDs. Enable debug logging for this logger for a complete list of JARs that were scanned but no TLDs were found in them. Skipping unneeded JARs during scanning can improve startup time and JSP compilation time.
07-May-2019 03:49:06.444 SEVERE [localhost-startStop-1] org.apache.catalina.core.StandardContext.startInternal One or more listeners failed to start. Full details will be found in the appropriate container log file
07-May-2019 03:49:06.445 SEVERE [localhost-startStop-1] org.apache.catalina.core.StandardContext.startInternal Context [/web-entry-callcenter] startup failed due to previous errors
07-May-2019 03:49:06.453 INFO [localhost-startStop-1] org.apache.catalina.startup.HostConfig.deployWAR Deployment of web application archive [/usr/local/tomcat/webapps/web-entry-callcenter.war] has finished in [5,764] ms
07-May-2019 03:49:06.454 INFO [localhost-startStop-1] org.apache.catalina.startup.HostConfig.deployDirectory Deploying web application directory [/usr/local/tomcat/webapps/ROOT]
07-May-2019 03:49:07.791 INFO [localhost-startStop-1] org.apache.jasper.servlet.TldScanner.scanJars At least one JAR was scanned for TLDs yet contained no TLDs. Enable debug logging for this logger for a complete list of JARs that were scanned but no TLDs were found in them. Skipping unneeded JARs during scanning can improve startup time and JSP compilation time.
07-May-2019 03:49:07.810 INFO [localhost-startStop-1] org.apache.catalina.startup.HostConfig.deployDirectory Deployment of web application directory [/usr/local/tomcat/webapps/ROOT] has finished in [1,356] ms
07-May-2019 03:49:07.811 INFO [localhost-startStop-1] org.apache.catalina.startup.HostConfig.deployDirectory Deploying web application directory [/usr/local/tomcat/webapps/docs]
07-May-2019 03:49:09.087 INFO [localhost-startStop-1] org.apache.jasper.servlet.TldScanner.scanJars At least one JAR was scanned for TLDs yet contained no TLDs. Enable debug logging for this logger for a complete list of JARs that were scanned but no TLDs were found in them. Skipping unneeded JARs during scanning can improve startup time and JSP compilation time.
07-May-2019 03:49:09.089 INFO [localhost-startStop-1] org.apache.catalina.startup.HostConfig.deployDirectory Deployment of web application directory [/usr/local/tomcat/webapps/docs] has finished in [1,278] ms
07-May-2019 03:49:09.089 INFO [localhost-startStop-1] org.apache.catalina.startup.HostConfig.deployDirectory Deploying web application directory [/usr/local/tomcat/webapps/examples]
07-May-2019 03:49:10.425 INFO [localhost-startStop-1] org.apache.jasper.servlet.TldScanner.scanJars At least one JAR was scanned for TLDs yet contained no TLDs. Enable debug logging for this logger for a complete list of JARs that were scanned but no TLDs were found in them. Skipping unneeded JARs during scanning can improve startup time and JSP compilation time.
07-May-2019 03:49:10.459 INFO [localhost-startStop-1] org.apache.catalina.startup.HostConfig.deployDirectory Deployment of web application directory [/usr/local/tomcat/webapps/examples] has finished in [1,370] ms
07-May-2019 03:49:10.459 INFO [localhost-startStop-1] org.apache.catalina.startup.HostConfig.deployDirectory Deploying web application directory [/usr/local/tomcat/webapps/host-manager]
07-May-2019 03:49:10.718 INFO [localhost-startStop-1] org.apache.jasper.servlet.TldScanner.scanJars At least one JAR was scanned for TLDs yet contained no TLDs. Enable debug logging for this logger for a complete list of JARs that were scanned but no TLDs were found in them. Skipping unneeded JARs during scanning can improve startup time and JSP compilation time.
07-May-2019 03:49:10.721 INFO [localhost-startStop-1] org.apache.catalina.startup.HostConfig.deployDirectory Deployment of web application directory [/usr/local/tomcat/webapps/host-manager] has finished in [262] ms
07-May-2019 03:49:10.721 INFO [localhost-startStop-1] org.apache.catalina.startup.HostConfig.deployDirectory Deploying web application directory [/usr/local/tomcat/webapps/manager]
07-May-2019 03:49:10.946 INFO [localhost-startStop-1] org.apache.jasper.servlet.TldScanner.scanJars At least one JAR was scanned for TLDs yet contained no TLDs. Enable debug logging for this logger for a complete list of JARs that were scanned but no TLDs were found in them. Skipping unneeded JARs during scanning can improve startup time and JSP compilation time.
07-May-2019 03:49:10.948 INFO [localhost-startStop-1] org.apache.catalina.startup.HostConfig.deployDirectory Deployment of web application directory [/usr/local/tomcat/webapps/manager] has finished in [227] ms
07-May-2019 03:49:10.951 INFO [main] org.apache.coyote.AbstractProtocol.start Starting ProtocolHandler ["http-nio-8080"]
07-May-2019 03:49:10.987 INFO [main] org.apache.coyote.AbstractProtocol.start Starting ProtocolHandler ["ajp-nio-8009"]
07-May-2019 03:49:10.988 INFO [main] org.apache.catalina.startup.Catalina.start Server startup in 16061 ms
07-May-2019 04:41:26.826 INFO [Thread-6] org.apache.coyote.AbstractProtocol.pause Pausing ProtocolHandler ["http-nio-8080"]
07-May-2019 04:41:26.950 INFO [Thread-6] org.apache.coyote.AbstractProtocol.pause Pausing ProtocolHandler ["ajp-nio-8009"]
07-May-2019 04:41:26.956 INFO [Thread-6] org.apache.catalina.core.StandardService.stopInternal Stopping service [Catalina]
07-May-2019 04:41:27.080 INFO [Thread-6] org.apache.coyote.AbstractProtocol.stop Stopping ProtocolHandler ["http-nio-8080"]
07-May-2019 04:41:27.090 INFO [Thread-6] org.apache.coyote.AbstractProtocol.stop Stopping ProtocolHandler ["ajp-nio-8009"]
07-May-2019 04:41:27.135 INFO [Thread-6] org.apache.coyote.AbstractProtocol.destroy Destroying ProtocolHandler ["http-nio-8080"]
07-May-2019 04:41:27.136 INFO [Thread-6] org.apache.coyote.AbstractProtocol.destroy Destroying ProtocolHandler ["ajp-nio-8009"]
07-May-2019 04:41:32.066 INFO [main] org.apache.catalina.startup.VersionLoggerListener.log Server version:        Apache Tomcat/8.5.40
07-May-2019 04:41:32.084 INFO [main] org.apache.catalina.startup.VersionLoggerListener.log Server built:          Apr 10 2019 14:31:19 UTC
07-May-2019 04:41:32.084 INFO [main] org.apache.catalina.startup.VersionLoggerListener.log Server number:         8.5.40.0
07-May-2019 04:41:32.084 INFO [main] org.apache.catalina.startup.VersionLoggerListener.log OS Name:               Linux
07-May-2019 04:41:32.085 INFO [main] org.apache.catalina.startup.VersionLoggerListener.log OS Version:            3.10.0-957.12.1.el7.x86_64
07-May-2019 04:41:32.085 INFO [main] org.apache.catalina.startup.VersionLoggerListener.log Architecture:          amd64
07-May-2019 04:41:32.085 INFO [main] org.apache.catalina.startup.VersionLoggerListener.log Java Home:             /usr/lib/jvm/java-8-openjdk-amd64/jre
07-May-2019 04:41:32.086 INFO [main] org.apache.catalina.startup.VersionLoggerListener.log JVM Version:           1.8.0_212-8u212-b01-1~deb9u1-b01
07-May-2019 04:41:32.086 INFO [main] org.apache.catalina.startup.VersionLoggerListener.log JVM Vendor:            Oracle Corporation
07-May-2019 04:41:32.086 INFO [main] org.apache.catalina.startup.VersionLoggerListener.log CATALINA_BASE:         /usr/local/tomcat
07-May-2019 04:41:32.087 INFO [main] org.apache.catalina.startup.VersionLoggerListener.log CATALINA_HOME:         /usr/local/tomcat
07-May-2019 04:41:32.087 INFO [main] org.apache.catalina.startup.VersionLoggerListener.log Command line argument: -Djava.util.logging.config.file=/usr/local/tomcat/conf/logging.properties
07-May-2019 04:41:32.088 INFO [main] org.apache.catalina.startup.VersionLoggerListener.log Command line argument: -Djava.util.logging.manager=org.apache.juli.ClassLoaderLogManager
07-May-2019 04:41:32.088 INFO [main] org.apache.catalina.startup.VersionLoggerListener.log Command line argument: -Djdk.tls.ephemeralDHKeySize=2048
07-May-2019 04:41:32.088 INFO [main] org.apache.catalina.startup.VersionLoggerListener.log Command line argument: -Djava.protocol.handler.pkgs=org.apache.catalina.webresources
07-May-2019 04:41:32.089 INFO [main] org.apache.catalina.startup.VersionLoggerListener.log Command line argument: -Dorg.apache.catalina.security.SecurityListener.UMASK=0027
07-May-2019 04:41:32.089 INFO [main] org.apache.catalina.startup.VersionLoggerListener.log Command line argument: -Dignore.endorsed.dirs=
07-May-2019 04:41:32.089 INFO [main] org.apache.catalina.startup.VersionLoggerListener.log Command line argument: -Dcatalina.base=/usr/local/tomcat
07-May-2019 04:41:32.090 INFO [main] org.apache.catalina.startup.VersionLoggerListener.log Command line argument: -Dcatalina.home=/usr/local/tomcat
07-May-2019 04:41:32.090 INFO [main] org.apache.catalina.startup.VersionLoggerListener.log Command line argument: -Djava.io.tmpdir=/usr/local/tomcat/temp
07-May-2019 04:41:32.090 INFO [main] org.apache.catalina.core.AprLifecycleListener.lifecycleEvent Loaded APR based Apache Tomcat Native library [1.2.21] using APR version [1.5.2].
07-May-2019 04:41:32.091 INFO [main] org.apache.catalina.core.AprLifecycleListener.lifecycleEvent APR capabilities: IPv6 [true], sendfile [true], accept filters [false], random [true].
07-May-2019 04:41:32.091 INFO [main] org.apache.catalina.core.AprLifecycleListener.lifecycleEvent APR/OpenSSL configuration: useAprConnector [false], useOpenSSL [true]
07-May-2019 04:41:32.118 INFO [main] org.apache.catalina.core.AprLifecycleListener.initializeSSL OpenSSL successfully initialized [OpenSSL 1.1.0j  20 Nov 2018]
07-May-2019 04:41:32.625 INFO [main] org.apache.coyote.AbstractProtocol.init Initializing ProtocolHandler ["http-nio-8080"]
07-May-2019 04:41:32.675 INFO [main] org.apache.tomcat.util.net.NioSelectorPool.getSharedSelector Using a shared selector for servlet write/read
07-May-2019 04:41:32.723 INFO [main] org.apache.coyote.AbstractProtocol.init Initializing ProtocolHandler ["ajp-nio-8009"]
07-May-2019 04:41:32.727 INFO [main] org.apache.tomcat.util.net.NioSelectorPool.getSharedSelector Using a shared selector for servlet write/read
07-May-2019 04:41:32.729 INFO [main] org.apache.catalina.startup.Catalina.load Initialization processed in 1637 ms
07-May-2019 04:41:32.787 INFO [main] org.apache.catalina.core.StandardService.startInternal Starting service [Catalina]
07-May-2019 04:41:32.788 INFO [main] org.apache.catalina.core.StandardEngine.startInternal Starting Servlet Engine: Apache Tomcat/8.5.40
07-May-2019 04:41:32.894 INFO [localhost-startStop-1] org.apache.catalina.startup.HostConfig.deployWAR Deploying web application archive [/usr/local/tomcat/webapps/web-advertisementorder-callcenter.war]
07-May-2019 04:41:37.209 INFO [localhost-startStop-1] org.apache.jasper.servlet.TldScanner.scanJars At least one JAR was scanned for TLDs yet contained no TLDs. Enable debug logging for this logger for a complete list of JARs that were scanned but no TLDs were found in them. Skipping unneeded JARs during scanning can improve startup time and JSP compilation time.
07-May-2019 04:41:39.584 SEVERE [localhost-startStop-1] org.apache.catalina.core.StandardContext.startInternal One or more listeners failed to start. Full details will be found in the appropriate container log file
07-May-2019 04:41:39.606 SEVERE [localhost-startStop-1] org.apache.catalina.core.StandardContext.startInternal Context [/web-advertisementorder-callcenter] startup failed due to previous errors
07-May-2019 04:41:39.625 INFO [localhost-startStop-1] org.apache.catalina.startup.HostConfig.deployWAR Deployment of web application archive [/usr/local/tomcat/webapps/web-advertisementorder-callcenter.war] has finished in [6,731] ms
07-May-2019 04:41:39.647 INFO [localhost-startStop-1] org.apache.catalina.startup.HostConfig.deployWAR Deploying web application archive [/usr/local/tomcat/webapps/web-entry-callcenter.war]
07-May-2019 04:41:41.867 INFO [localhost-startStop-1] org.apache.jasper.servlet.TldScanner.scanJars At least one JAR was scanned for TLDs yet contained no TLDs. Enable debug logging for this logger for a complete list of JARs that were scanned but no TLDs were found in them. Skipping unneeded JARs during scanning can improve startup time and JSP compilation time.
07-May-2019 04:41:43.247 SEVERE [localhost-startStop-1] org.apache.catalina.core.StandardContext.startInternal One or more listeners failed to start. Full details will be found in the appropriate container log file
07-May-2019 04:41:43.248 SEVERE [localhost-startStop-1] org.apache.catalina.core.StandardContext.startInternal Context [/web-entry-callcenter] startup failed due to previous errors
07-May-2019 04:41:43.256 INFO [localhost-startStop-1] org.apache.catalina.startup.HostConfig.deployWAR Deployment of web application archive [/usr/local/tomcat/webapps/web-entry-callcenter.war] has finished in [3,609] ms
07-May-2019 04:41:43.257 INFO [localhost-startStop-1] org.apache.catalina.startup.HostConfig.deployDirectory Deploying web application directory [/usr/local/tomcat/webapps/ROOT]
07-May-2019 04:41:44.671 INFO [localhost-startStop-1] org.apache.jasper.servlet.TldScanner.scanJars At least one JAR was scanned for TLDs yet contained no TLDs. Enable debug logging for this logger for a complete list of JARs that were scanned but no TLDs were found in them. Skipping unneeded JARs during scanning can improve startup time and JSP compilation time.
07-May-2019 04:41:44.683 INFO [localhost-startStop-1] org.apache.catalina.startup.HostConfig.deployDirectory Deployment of web application directory [/usr/local/tomcat/webapps/ROOT] has finished in [1,425] ms
07-May-2019 04:41:44.683 INFO [localhost-startStop-1] org.apache.catalina.startup.HostConfig.deployDirectory Deploying web application directory [/usr/local/tomcat/webapps/docs]
07-May-2019 04:41:45.993 INFO [localhost-startStop-1] org.apache.jasper.servlet.TldScanner.scanJars At least one JAR was scanned for TLDs yet contained no TLDs. Enable debug logging for this logger for a complete list of JARs that were scanned but no TLDs were found in them. Skipping unneeded JARs during scanning can improve startup time and JSP compilation time.
07-May-2019 04:41:45.995 INFO [localhost-startStop-1] org.apache.catalina.startup.HostConfig.deployDirectory Deployment of web application directory [/usr/local/tomcat/webapps/docs] has finished in [1,312] ms
07-May-2019 04:41:45.996 INFO [localhost-startStop-1] org.apache.catalina.startup.HostConfig.deployDirectory Deploying web application directory [/usr/local/tomcat/webapps/examples]
07-May-2019 04:41:47.192 INFO [localhost-startStop-1] org.apache.jasper.servlet.TldScanner.scanJars At least one JAR was scanned for TLDs yet contained no TLDs. Enable debug logging for this logger for a complete list of JARs that were scanned but no TLDs were found in them. Skipping unneeded JARs during scanning can improve startup time and JSP compilation time.
07-May-2019 04:41:47.219 INFO [localhost-startStop-1] org.apache.catalina.startup.HostConfig.deployDirectory Deployment of web application directory [/usr/local/tomcat/webapps/examples] has finished in [1,223] ms
07-May-2019 04:41:47.219 INFO [localhost-startStop-1] org.apache.catalina.startup.HostConfig.deployDirectory Deploying web application directory [/usr/local/tomcat/webapps/host-manager]
07-May-2019 04:41:47.477 INFO [localhost-startStop-1] org.apache.jasper.servlet.TldScanner.scanJars At least one JAR was scanned for TLDs yet contained no TLDs. Enable debug logging for this logger for a complete list of JARs that were scanned but no TLDs were found in them. Skipping unneeded JARs during scanning can improve startup time and JSP compilation time.
07-May-2019 04:41:47.479 INFO [localhost-startStop-1] org.apache.catalina.startup.HostConfig.deployDirectory Deployment of web application directory [/usr/local/tomcat/webapps/host-manager] has finished in [260] ms
07-May-2019 04:41:47.481 INFO [localhost-startStop-1] org.apache.catalina.startup.HostConfig.deployDirectory Deploying web application directory [/usr/local/tomcat/webapps/manager]
07-May-2019 04:41:47.709 INFO [localhost-startStop-1] org.apache.jasper.servlet.TldScanner.scanJars At least one JAR was scanned for TLDs yet contained no TLDs. Enable debug logging for this logger for a complete list of JARs that were scanned but no TLDs were found in them. Skipping unneeded JARs during scanning can improve startup time and JSP compilation time.
07-May-2019 04:41:47.710 INFO [localhost-startStop-1] org.apache.catalina.startup.HostConfig.deployDirectory Deployment of web application directory [/usr/local/tomcat/webapps/manager] has finished in [229] ms
07-May-2019 04:41:47.715 INFO [main] org.apache.coyote.AbstractProtocol.start Starting ProtocolHandler ["http-nio-8080"]
07-May-2019 04:41:47.734 INFO [main] org.apache.coyote.AbstractProtocol.start Starting ProtocolHandler ["ajp-nio-8009"]
07-May-2019 04:41:47.744 INFO [main] org.apache.catalina.startup.Catalina.start Server startup in 15014 ms
07-May-2019 04:45:59.664 INFO [Thread-6] org.apache.coyote.AbstractProtocol.pause Pausing ProtocolHandler ["http-nio-8080"]
07-May-2019 04:45:59.670 INFO [Thread-6] org.apache.coyote.AbstractProtocol.pause Pausing ProtocolHandler ["ajp-nio-8009"]
07-May-2019 04:45:59.675 INFO [Thread-6] org.apache.catalina.core.StandardService.stopInternal Stopping service [Catalina]
07-May-2019 04:45:59.705 INFO [Thread-6] org.apache.coyote.AbstractProtocol.stop Stopping ProtocolHandler ["http-nio-8080"]
07-May-2019 04:45:59.707 INFO [Thread-6] org.apache.coyote.AbstractProtocol.stop Stopping ProtocolHandler ["ajp-nio-8009"]
07-May-2019 04:45:59.708 INFO [Thread-6] org.apache.coyote.AbstractProtocol.destroy Destroying ProtocolHandler ["http-nio-8080"]
07-May-2019 04:45:59.709 INFO [Thread-6] org.apache.coyote.AbstractProtocol.destroy Destroying ProtocolHandler ["ajp-nio-8009"]
07-May-2019 04:46:01.693 INFO [main] org.apache.catalina.startup.VersionLoggerListener.log Server version:        Apache Tomcat/8.5.40
07-May-2019 04:46:01.694 INFO [main] org.apache.catalina.startup.VersionLoggerListener.log Server built:          Apr 10 2019 14:31:19 UTC
07-May-2019 04:46:01.694 INFO [main] org.apache.catalina.startup.VersionLoggerListener.log Server number:         8.5.40.0
07-May-2019 04:46:01.694 INFO [main] org.apache.catalina.startup.VersionLoggerListener.log OS Name:               Linux
07-May-2019 04:46:01.694 INFO [main] org.apache.catalina.startup.VersionLoggerListener.log OS Version:            3.10.0-957.12.1.el7.x86_64
07-May-2019 04:46:01.694 INFO [main] org.apache.catalina.startup.VersionLoggerListener.log Architecture:          amd64
07-May-2019 04:46:01.695 INFO [main] org.apache.catalina.startup.VersionLoggerListener.log Java Home:             /usr/lib/jvm/java-8-openjdk-amd64/jre
07-May-2019 04:46:01.695 INFO [main] org.apache.catalina.startup.VersionLoggerListener.log JVM Version:           1.8.0_212-8u212-b01-1~deb9u1-b01
07-May-2019 04:46:01.695 INFO [main] org.apache.catalina.startup.VersionLoggerListener.log JVM Vendor:            Oracle Corporation
07-May-2019 04:46:01.695 INFO [main] org.apache.catalina.startup.VersionLoggerListener.log CATALINA_BASE:         /usr/local/tomcat
07-May-2019 04:46:01.695 INFO [main] org.apache.catalina.startup.VersionLoggerListener.log CATALINA_HOME:         /usr/local/tomcat
07-May-2019 04:46:01.695 INFO [main] org.apache.catalina.startup.VersionLoggerListener.log Command line argument: -Djava.util.logging.config.file=/usr/local/tomcat/conf/logging.properties
07-May-2019 04:46:01.695 INFO [main] org.apache.catalina.startup.VersionLoggerListener.log Command line argument: -Djava.util.logging.manager=org.apache.juli.ClassLoaderLogManager
07-May-2019 04:46:01.695 INFO [main] org.apache.catalina.startup.VersionLoggerListener.log Command line argument: -Djdk.tls.ephemeralDHKeySize=2048
07-May-2019 04:46:01.696 INFO [main] org.apache.catalina.startup.VersionLoggerListener.log Command line argument: -Djava.protocol.handler.pkgs=org.apache.catalina.webresources
07-May-2019 04:46:01.696 INFO [main] org.apache.catalina.startup.VersionLoggerListener.log Command line argument: -Dorg.apache.catalina.security.SecurityListener.UMASK=0027
07-May-2019 04:46:01.697 INFO [main] org.apache.catalina.startup.VersionLoggerListener.log Command line argument: -Dignore.endorsed.dirs=
07-May-2019 04:46:01.697 INFO [main] org.apache.catalina.startup.VersionLoggerListener.log Command line argument: -Dcatalina.base=/usr/local/tomcat
07-May-2019 04:46:01.697 INFO [main] org.apache.catalina.startup.VersionLoggerListener.log Command line argument: -Dcatalina.home=/usr/local/tomcat
07-May-2019 04:46:01.697 INFO [main] org.apache.catalina.startup.VersionLoggerListener.log Command line argument: -Djava.io.tmpdir=/usr/local/tomcat/temp
07-May-2019 04:46:01.698 INFO [main] org.apache.catalina.core.AprLifecycleListener.lifecycleEvent Loaded APR based Apache Tomcat Native library [1.2.21] using APR version [1.5.2].
07-May-2019 04:46:01.698 INFO [main] org.apache.catalina.core.AprLifecycleListener.lifecycleEvent APR capabilities: IPv6 [true], sendfile [true], accept filters [false], random [true].
07-May-2019 04:46:01.698 INFO [main] org.apache.catalina.core.AprLifecycleListener.lifecycleEvent APR/OpenSSL configuration: useAprConnector [false], useOpenSSL [true]
07-May-2019 04:46:01.701 INFO [main] org.apache.catalina.core.AprLifecycleListener.initializeSSL OpenSSL successfully initialized [OpenSSL 1.1.0j  20 Nov 2018]
07-May-2019 04:46:01.785 INFO [main] org.apache.coyote.AbstractProtocol.init Initializing ProtocolHandler ["http-nio-8080"]
07-May-2019 04:46:01.792 INFO [main] org.apache.tomcat.util.net.NioSelectorPool.getSharedSelector Using a shared selector for servlet write/read
07-May-2019 04:46:01.802 INFO [main] org.apache.coyote.AbstractProtocol.init Initializing ProtocolHandler ["ajp-nio-8009"]
07-May-2019 04:46:01.803 INFO [main] org.apache.tomcat.util.net.NioSelectorPool.getSharedSelector Using a shared selector for servlet write/read
07-May-2019 04:46:01.805 INFO [main] org.apache.catalina.startup.Catalina.load Initialization processed in 412 ms
07-May-2019 04:46:01.824 INFO [main] org.apache.catalina.core.StandardService.startInternal Starting service [Catalina]
07-May-2019 04:46:01.824 INFO [main] org.apache.catalina.core.StandardEngine.startInternal Starting Servlet Engine: Apache Tomcat/8.5.40
07-May-2019 04:46:01.841 INFO [localhost-startStop-1] org.apache.catalina.startup.HostConfig.deployWAR Deploying web application archive [/usr/local/tomcat/webapps/web-advertisementorder-callcenter.war]
07-May-2019 04:46:04.356 INFO [localhost-startStop-1] org.apache.jasper.servlet.TldScanner.scanJars At least one JAR was scanned for TLDs yet contained no TLDs. Enable debug logging for this logger for a complete list of JARs that were scanned but no TLDs were found in them. Skipping unneeded JARs during scanning can improve startup time and JSP compilation time.
07-May-2019 04:46:06.610 SEVERE [localhost-startStop-1] org.apache.catalina.core.StandardContext.startInternal One or more listeners failed to start. Full details will be found in the appropriate container log file
07-May-2019 04:46:06.623 SEVERE [localhost-startStop-1] org.apache.catalina.core.StandardContext.startInternal Context [/web-advertisementorder-callcenter] startup failed due to previous errors
07-May-2019 04:46:06.638 INFO [localhost-startStop-1] org.apache.catalina.startup.HostConfig.deployWAR Deployment of web application archive [/usr/local/tomcat/webapps/web-advertisementorder-callcenter.war] has finished in [4,797] ms
07-May-2019 04:46:06.639 INFO [localhost-startStop-1] org.apache.catalina.startup.HostConfig.deployWAR Deploying web application archive [/usr/local/tomcat/webapps/web-entry-callcenter.war]
07-May-2019 04:46:08.931 INFO [localhost-startStop-1] org.apache.jasper.servlet.TldScanner.scanJars At least one JAR was scanned for TLDs yet contained no TLDs. Enable debug logging for this logger for a complete list of JARs that were scanned but no TLDs were found in them. Skipping unneeded JARs during scanning can improve startup time and JSP compilation time.
07-May-2019 04:46:10.124 SEVERE [localhost-startStop-1] org.apache.catalina.core.StandardContext.startInternal One or more listeners failed to start. Full details will be found in the appropriate container log file
07-May-2019 04:46:10.125 SEVERE [localhost-startStop-1] org.apache.catalina.core.StandardContext.startInternal Context [/web-entry-callcenter] startup failed due to previous errors
07-May-2019 04:46:10.133 INFO [localhost-startStop-1] org.apache.catalina.startup.HostConfig.deployWAR Deployment of web application archive [/usr/local/tomcat/webapps/web-entry-callcenter.war] has finished in [3,494] ms
07-May-2019 04:46:10.134 INFO [localhost-startStop-1] org.apache.catalina.startup.HostConfig.deployDirectory Deploying web application directory [/usr/local/tomcat/webapps/ROOT]
07-May-2019 04:46:11.233 INFO [localhost-startStop-1] org.apache.jasper.servlet.TldScanner.scanJars At least one JAR was scanned for TLDs yet contained no TLDs. Enable debug logging for this logger for a complete list of JARs that were scanned but no TLDs were found in them. Skipping unneeded JARs during scanning can improve startup time and JSP compilation time.
07-May-2019 04:46:11.243 INFO [localhost-startStop-1] org.apache.catalina.startup.HostConfig.deployDirectory Deployment of web application directory [/usr/local/tomcat/webapps/ROOT] has finished in [1,109] ms
07-May-2019 04:46:11.243 INFO [localhost-startStop-1] org.apache.catalina.startup.HostConfig.deployDirectory Deploying web application directory [/usr/local/tomcat/webapps/docs]
07-May-2019 04:46:12.443 INFO [localhost-startStop-1] org.apache.jasper.servlet.TldScanner.scanJars At least one JAR was scanned for TLDs yet contained no TLDs. Enable debug logging for this logger for a complete list of JARs that were scanned but no TLDs were found in them. Skipping unneeded JARs during scanning can improve startup time and JSP compilation time.
07-May-2019 04:46:12.445 INFO [localhost-startStop-1] org.apache.catalina.startup.HostConfig.deployDirectory Deployment of web application directory [/usr/local/tomcat/webapps/docs] has finished in [1,201] ms
07-May-2019 04:46:12.445 INFO [localhost-startStop-1] org.apache.catalina.startup.HostConfig.deployDirectory Deploying web application directory [/usr/local/tomcat/webapps/examples]
07-May-2019 04:46:13.676 INFO [localhost-startStop-1] org.apache.jasper.servlet.TldScanner.scanJars At least one JAR was scanned for TLDs yet contained no TLDs. Enable debug logging for this logger for a complete list of JARs that were scanned but no TLDs were found in them. Skipping unneeded JARs during scanning can improve startup time and JSP compilation time.
07-May-2019 04:46:13.732 INFO [localhost-startStop-1] org.apache.catalina.startup.HostConfig.deployDirectory Deployment of web application directory [/usr/local/tomcat/webapps/examples] has finished in [1,287] ms
07-May-2019 04:46:13.733 INFO [localhost-startStop-1] org.apache.catalina.startup.HostConfig.deployDirectory Deploying web application directory [/usr/local/tomcat/webapps/host-manager]
07-May-2019 04:46:13.989 INFO [localhost-startStop-1] org.apache.jasper.servlet.TldScanner.scanJars At least one JAR was scanned for TLDs yet contained no TLDs. Enable debug logging for this logger for a complete list of JARs that were scanned but no TLDs were found in them. Skipping unneeded JARs during scanning can improve startup time and JSP compilation time.
07-May-2019 04:46:13.991 INFO [localhost-startStop-1] org.apache.catalina.startup.HostConfig.deployDirectory Deployment of web application directory [/usr/local/tomcat/webapps/host-manager] has finished in [258] ms
07-May-2019 04:46:13.991 INFO [localhost-startStop-1] org.apache.catalina.startup.HostConfig.deployDirectory Deploying web application directory [/usr/local/tomcat/webapps/manager]
07-May-2019 04:46:14.247 INFO [localhost-startStop-1] org.apache.jasper.servlet.TldScanner.scanJars At least one JAR was scanned for TLDs yet contained no TLDs. Enable debug logging for this logger for a complete list of JARs that were scanned but no TLDs were found in them. Skipping unneeded JARs during scanning can improve startup time and JSP compilation time.
07-May-2019 04:46:14.249 INFO [localhost-startStop-1] org.apache.catalina.startup.HostConfig.deployDirectory Deployment of web application directory [/usr/local/tomcat/webapps/manager] has finished in [258] ms
07-May-2019 04:46:14.254 INFO [main] org.apache.coyote.AbstractProtocol.start Starting ProtocolHandler ["http-nio-8080"]
07-May-2019 04:46:14.265 INFO [main] org.apache.coyote.AbstractProtocol.start Starting ProtocolHandler ["ajp-nio-8009"]
07-May-2019 04:46:14.267 INFO [main] org.apache.catalina.startup.Catalina.start Server startup in 12462 ms
07-May-2019 04:48:24.025 INFO [Thread-6] org.apache.coyote.AbstractProtocol.pause Pausing ProtocolHandler ["http-nio-8080"]
07-May-2019 04:48:24.027 INFO [Thread-6] org.apache.coyote.AbstractProtocol.pause Pausing ProtocolHandler ["ajp-nio-8009"]
07-May-2019 04:48:24.034 INFO [Thread-6] org.apache.catalina.core.StandardService.stopInternal Stopping service [Catalina]
07-May-2019 04:48:24.062 INFO [Thread-6] org.apache.coyote.AbstractProtocol.stop Stopping ProtocolHandler ["http-nio-8080"]
07-May-2019 04:48:24.064 INFO [Thread-6] org.apache.coyote.AbstractProtocol.stop Stopping ProtocolHandler ["ajp-nio-8009"]
07-May-2019 04:48:24.065 INFO [Thread-6] org.apache.coyote.AbstractProtocol.destroy Destroying ProtocolHandler ["http-nio-8080"]
07-May-2019 04:48:24.066 INFO [Thread-6] org.apache.coyote.AbstractProtocol.destroy Destroying ProtocolHandler ["ajp-nio-8009"]
07-May-2019 04:48:25.866 INFO [main] org.apache.catalina.startup.VersionLoggerListener.log Server version:        Apache Tomcat/8.5.40
07-May-2019 04:48:25.868 INFO [main] org.apache.catalina.startup.VersionLoggerListener.log Server built:          Apr 10 2019 14:31:19 UTC
07-May-2019 04:48:25.868 INFO [main] org.apache.catalina.startup.VersionLoggerListener.log Server number:         8.5.40.0
07-May-2019 04:48:25.868 INFO [main] org.apache.catalina.startup.VersionLoggerListener.log OS Name:               Linux
07-May-2019 04:48:25.868 INFO [main] org.apache.catalina.startup.VersionLoggerListener.log OS Version:            3.10.0-957.12.1.el7.x86_64
07-May-2019 04:48:25.868 INFO [main] org.apache.catalina.startup.VersionLoggerListener.log Architecture:          amd64
07-May-2019 04:48:25.868 INFO [main] org.apache.catalina.startup.VersionLoggerListener.log Java Home:             /usr/lib/jvm/java-8-openjdk-amd64/jre
07-May-2019 04:48:25.868 INFO [main] org.apache.catalina.startup.VersionLoggerListener.log JVM Version:           1.8.0_212-8u212-b01-1~deb9u1-b01
07-May-2019 04:48:25.869 INFO [main] org.apache.catalina.startup.VersionLoggerListener.log JVM Vendor:            Oracle Corporation
07-May-2019 04:48:25.869 INFO [main] org.apache.catalina.startup.VersionLoggerListener.log CATALINA_BASE:         /usr/local/tomcat
07-May-2019 04:48:25.869 INFO [main] org.apache.catalina.startup.VersionLoggerListener.log CATALINA_HOME:         /usr/local/tomcat
07-May-2019 04:48:25.869 INFO [main] org.apache.catalina.startup.VersionLoggerListener.log Command line argument: -Djava.util.logging.config.file=/usr/local/tomcat/conf/logging.properties
07-May-2019 04:48:25.869 INFO [main] org.apache.catalina.startup.VersionLoggerListener.log Command line argument: -Djava.util.logging.manager=org.apache.juli.ClassLoaderLogManager
07-May-2019 04:48:25.869 INFO [main] org.apache.catalina.startup.VersionLoggerListener.log Command line argument: -Djdk.tls.ephemeralDHKeySize=2048
07-May-2019 04:48:25.869 INFO [main] org.apache.catalina.startup.VersionLoggerListener.log Command line argument: -Djava.protocol.handler.pkgs=org.apache.catalina.webresources
07-May-2019 04:48:25.870 INFO [main] org.apache.catalina.startup.VersionLoggerListener.log Command line argument: -Dorg.apache.catalina.security.SecurityListener.UMASK=0027
07-May-2019 04:48:25.870 INFO [main] org.apache.catalina.startup.VersionLoggerListener.log Command line argument: -Dignore.endorsed.dirs=
07-May-2019 04:48:25.870 INFO [main] org.apache.catalina.startup.VersionLoggerListener.log Command line argument: -Dcatalina.base=/usr/local/tomcat
07-May-2019 04:48:25.870 INFO [main] org.apache.catalina.startup.VersionLoggerListener.log Command line argument: -Dcatalina.home=/usr/local/tomcat
07-May-2019 04:48:25.870 INFO [main] org.apache.catalina.startup.VersionLoggerListener.log Command line argument: -Djava.io.tmpdir=/usr/local/tomcat/temp
07-May-2019 04:48:25.870 INFO [main] org.apache.catalina.core.AprLifecycleListener.lifecycleEvent Loaded APR based Apache Tomcat Native library [1.2.21] using APR version [1.5.2].
07-May-2019 04:48:25.870 INFO [main] org.apache.catalina.core.AprLifecycleListener.lifecycleEvent APR capabilities: IPv6 [true], sendfile [true], accept filters [false], random [true].
07-May-2019 04:48:25.870 INFO [main] org.apache.catalina.core.AprLifecycleListener.lifecycleEvent APR/OpenSSL configuration: useAprConnector [false], useOpenSSL [true]
07-May-2019 04:48:25.873 INFO [main] org.apache.catalina.core.AprLifecycleListener.initializeSSL OpenSSL successfully initialized [OpenSSL 1.1.0j  20 Nov 2018]
07-May-2019 04:48:25.956 INFO [main] org.apache.coyote.AbstractProtocol.init Initializing ProtocolHandler ["http-nio-8080"]
07-May-2019 04:48:25.963 INFO [main] org.apache.tomcat.util.net.NioSelectorPool.getSharedSelector Using a shared selector for servlet write/read
07-May-2019 04:48:25.974 INFO [main] org.apache.coyote.AbstractProtocol.init Initializing ProtocolHandler ["ajp-nio-8009"]
07-May-2019 04:48:25.975 INFO [main] org.apache.tomcat.util.net.NioSelectorPool.getSharedSelector Using a shared selector for servlet write/read
07-May-2019 04:48:25.977 INFO [main] org.apache.catalina.startup.Catalina.load Initialization processed in 407 ms
07-May-2019 04:48:25.994 INFO [main] org.apache.catalina.core.StandardService.startInternal Starting service [Catalina]
07-May-2019 04:48:25.994 INFO [main] org.apache.catalina.core.StandardEngine.startInternal Starting Servlet Engine: Apache Tomcat/8.5.40
07-May-2019 04:48:26.010 INFO [localhost-startStop-1] org.apache.catalina.startup.HostConfig.deployWAR Deploying web application archive [/usr/local/tomcat/webapps/web-advertisementorder-callcenter.war]
07-May-2019 04:48:28.575 INFO [localhost-startStop-1] org.apache.jasper.servlet.TldScanner.scanJars At least one JAR was scanned for TLDs yet contained no TLDs. Enable debug logging for this logger for a complete list of JARs that were scanned but no TLDs were found in them. Skipping unneeded JARs during scanning can improve startup time and JSP compilation time.
07-May-2019 04:48:31.020 SEVERE [localhost-startStop-1] org.apache.catalina.core.StandardContext.startInternal One or more listeners failed to start. Full details will be found in the appropriate container log file
07-May-2019 04:48:31.025 SEVERE [localhost-startStop-1] org.apache.catalina.core.StandardContext.startInternal Context [/web-advertisementorder-callcenter] startup failed due to previous errors
07-May-2019 04:48:31.038 INFO [localhost-startStop-1] org.apache.catalina.startup.HostConfig.deployWAR Deployment of web application archive [/usr/local/tomcat/webapps/web-advertisementorder-callcenter.war] has finished in [5,029] ms
07-May-2019 04:48:31.039 INFO [localhost-startStop-1] org.apache.catalina.startup.HostConfig.deployWAR Deploying web application archive [/usr/local/tomcat/webapps/web-entry-callcenter.war]
07-May-2019 04:48:33.215 INFO [localhost-startStop-1] org.apache.jasper.servlet.TldScanner.scanJars At least one JAR was scanned for TLDs yet contained no TLDs. Enable debug logging for this logger for a complete list of JARs that were scanned but no TLDs were found in them. Skipping unneeded JARs during scanning can improve startup time and JSP compilation time.
07-May-2019 04:48:34.700 SEVERE [localhost-startStop-1] org.apache.catalina.core.StandardContext.startInternal One or more listeners failed to start. Full details will be found in the appropriate container log file
07-May-2019 04:48:34.701 SEVERE [localhost-startStop-1] org.apache.catalina.core.StandardContext.startInternal Context [/web-entry-callcenter] startup failed due to previous errors
07-May-2019 04:48:34.710 INFO [localhost-startStop-1] org.apache.catalina.startup.HostConfig.deployWAR Deployment of web application archive [/usr/local/tomcat/webapps/web-entry-callcenter.war] has finished in [3,671] ms
07-May-2019 04:48:34.711 INFO [localhost-startStop-1] org.apache.catalina.startup.HostConfig.deployDirectory Deploying web application directory [/usr/local/tomcat/webapps/ROOT]
07-May-2019 04:48:36.334 INFO [localhost-startStop-1] org.apache.jasper.servlet.TldScanner.scanJars At least one JAR was scanned for TLDs yet contained no TLDs. Enable debug logging for this logger for a complete list of JARs that were scanned but no TLDs were found in them. Skipping unneeded JARs during scanning can improve startup time and JSP compilation time.
07-May-2019 04:48:36.345 INFO [localhost-startStop-1] org.apache.catalina.startup.HostConfig.deployDirectory Deployment of web application directory [/usr/local/tomcat/webapps/ROOT] has finished in [1,634] ms
07-May-2019 04:48:36.345 INFO [localhost-startStop-1] org.apache.catalina.startup.HostConfig.deployDirectory Deploying web application directory [/usr/local/tomcat/webapps/docs]
07-May-2019 04:48:37.543 INFO [localhost-startStop-1] org.apache.jasper.servlet.TldScanner.scanJars At least one JAR was scanned for TLDs yet contained no TLDs. Enable debug logging for this logger for a complete list of JARs that were scanned but no TLDs were found in them. Skipping unneeded JARs during scanning can improve startup time and JSP compilation time.
07-May-2019 04:48:37.544 INFO [localhost-startStop-1] org.apache.catalina.startup.HostConfig.deployDirectory Deployment of web application directory [/usr/local/tomcat/webapps/docs] has finished in [1,199] ms
07-May-2019 04:48:37.545 INFO [localhost-startStop-1] org.apache.catalina.startup.HostConfig.deployDirectory Deploying web application directory [/usr/local/tomcat/webapps/examples]
07-May-2019 04:48:38.770 INFO [localhost-startStop-1] org.apache.jasper.servlet.TldScanner.scanJars At least one JAR was scanned for TLDs yet contained no TLDs. Enable debug logging for this logger for a complete list of JARs that were scanned but no TLDs were found in them. Skipping unneeded JARs during scanning can improve startup time and JSP compilation time.
07-May-2019 04:48:38.801 INFO [localhost-startStop-1] org.apache.catalina.startup.HostConfig.deployDirectory Deployment of web application directory [/usr/local/tomcat/webapps/examples] has finished in [1,256] ms
07-May-2019 04:48:38.801 INFO [localhost-startStop-1] org.apache.catalina.startup.HostConfig.deployDirectory Deploying web application directory [/usr/local/tomcat/webapps/host-manager]
07-May-2019 04:48:39.080 INFO [localhost-startStop-1] org.apache.jasper.servlet.TldScanner.scanJars At least one JAR was scanned for TLDs yet contained no TLDs. Enable debug logging for this logger for a complete list of JARs that were scanned but no TLDs were found in them. Skipping unneeded JARs during scanning can improve startup time and JSP compilation time.
07-May-2019 04:48:39.083 INFO [localhost-startStop-1] org.apache.catalina.startup.HostConfig.deployDirectory Deployment of web application directory [/usr/local/tomcat/webapps/host-manager] has finished in [282] ms
07-May-2019 04:48:39.083 INFO [localhost-startStop-1] org.apache.catalina.startup.HostConfig.deployDirectory Deploying web application directory [/usr/local/tomcat/webapps/manager]
07-May-2019 04:48:39.405 INFO [localhost-startStop-1] org.apache.jasper.servlet.TldScanner.scanJars At least one JAR was scanned for TLDs yet contained no TLDs. Enable debug logging for this logger for a complete list of JARs that were scanned but no TLDs were found in them. Skipping unneeded JARs during scanning can improve startup time and JSP compilation time.
07-May-2019 04:48:39.407 INFO [localhost-startStop-1] org.apache.catalina.startup.HostConfig.deployDirectory Deployment of web application directory [/usr/local/tomcat/webapps/manager] has finished in [324] ms
07-May-2019 04:48:39.413 INFO [main] org.apache.coyote.AbstractProtocol.start Starting ProtocolHandler ["http-nio-8080"]
07-May-2019 04:48:39.463 INFO [main] org.apache.coyote.AbstractProtocol.start Starting ProtocolHandler ["ajp-nio-8009"]
07-May-2019 04:48:39.490 INFO [main] org.apache.catalina.startup.Catalina.start Server startup in 13512 ms
07-May-2019 04:54:10.580 INFO [Thread-6] org.apache.coyote.AbstractProtocol.pause Pausing ProtocolHandler ["http-nio-8080"]
07-May-2019 04:54:10.618 INFO [Thread-6] org.apache.coyote.AbstractProtocol.pause Pausing ProtocolHandler ["ajp-nio-8009"]
07-May-2019 04:54:10.620 INFO [Thread-6] org.apache.catalina.core.StandardService.stopInternal Stopping service [Catalina]
07-May-2019 04:54:10.743 INFO [Thread-6] org.apache.coyote.AbstractProtocol.stop Stopping ProtocolHandler ["http-nio-8080"]
07-May-2019 04:54:10.748 INFO [Thread-6] org.apache.coyote.AbstractProtocol.stop Stopping ProtocolHandler ["ajp-nio-8009"]
07-May-2019 04:54:10.757 INFO [Thread-6] org.apache.coyote.AbstractProtocol.destroy Destroying ProtocolHandler ["http-nio-8080"]
07-May-2019 04:54:10.758 INFO [Thread-6] org.apache.coyote.AbstractProtocol.destroy Destroying ProtocolHandler ["ajp-nio-8009"]
07-May-2019 04:54:15.333 INFO [main] org.apache.catalina.startup.VersionLoggerListener.log Server version:        Apache Tomcat/8.5.40
07-May-2019 04:54:15.335 INFO [main] org.apache.catalina.startup.VersionLoggerListener.log Server built:          Apr 10 2019 14:31:19 UTC
07-May-2019 04:54:15.336 INFO [main] org.apache.catalina.startup.VersionLoggerListener.log Server number:         8.5.40.0
07-May-2019 04:54:15.336 INFO [main] org.apache.catalina.startup.VersionLoggerListener.log OS Name:               Linux
07-May-2019 04:54:15.336 INFO [main] org.apache.catalina.startup.VersionLoggerListener.log OS Version:            3.10.0-957.12.1.el7.x86_64
07-May-2019 04:54:15.336 INFO [main] org.apache.catalina.startup.VersionLoggerListener.log Architecture:          amd64
07-May-2019 04:54:15.337 INFO [main] org.apache.catalina.startup.VersionLoggerListener.log Java Home:             /usr/lib/jvm/java-8-openjdk-amd64/jre
07-May-2019 04:54:15.337 INFO [main] org.apache.catalina.startup.VersionLoggerListener.log JVM Version:           1.8.0_212-8u212-b01-1~deb9u1-b01
07-May-2019 04:54:15.338 INFO [main] org.apache.catalina.startup.VersionLoggerListener.log JVM Vendor:            Oracle Corporation
07-May-2019 04:54:15.338 INFO [main] org.apache.catalina.startup.VersionLoggerListener.log CATALINA_BASE:         /usr/local/tomcat
07-May-2019 04:54:15.339 INFO [main] org.apache.catalina.startup.VersionLoggerListener.log CATALINA_HOME:         /usr/local/tomcat
07-May-2019 04:54:15.341 INFO [main] org.apache.catalina.startup.VersionLoggerListener.log Command line argument: -Djava.util.logging.config.file=/usr/local/tomcat/conf/logging.properties
07-May-2019 04:54:15.342 INFO [main] org.apache.catalina.startup.VersionLoggerListener.log Command line argument: -Djava.util.logging.manager=org.apache.juli.ClassLoaderLogManager
07-May-2019 04:54:15.343 INFO [main] org.apache.catalina.startup.VersionLoggerListener.log Command line argument: -Djdk.tls.ephemeralDHKeySize=2048
07-May-2019 04:54:15.343 INFO [main] org.apache.catalina.startup.VersionLoggerListener.log Command line argument: -Djava.protocol.handler.pkgs=org.apache.catalina.webresources
07-May-2019 04:54:15.344 INFO [main] org.apache.catalina.startup.VersionLoggerListener.log Command line argument: -Dorg.apache.catalina.security.SecurityListener.UMASK=0027
07-May-2019 04:54:15.344 INFO [main] org.apache.catalina.startup.VersionLoggerListener.log Command line argument: -Dignore.endorsed.dirs=
07-May-2019 04:54:15.345 INFO [main] org.apache.catalina.startup.VersionLoggerListener.log Command line argument: -Dcatalina.base=/usr/local/tomcat
07-May-2019 04:54:15.345 INFO [main] org.apache.catalina.startup.VersionLoggerListener.log Command line argument: -Dcatalina.home=/usr/local/tomcat
07-May-2019 04:54:15.346 INFO [main] org.apache.catalina.startup.VersionLoggerListener.log Command line argument: -Djava.io.tmpdir=/usr/local/tomcat/temp
07-May-2019 04:54:15.347 INFO [main] org.apache.catalina.core.AprLifecycleListener.lifecycleEvent Loaded APR based Apache Tomcat Native library [1.2.21] using APR version [1.5.2].
07-May-2019 04:54:15.347 INFO [main] org.apache.catalina.core.AprLifecycleListener.lifecycleEvent APR capabilities: IPv6 [true], sendfile [true], accept filters [false], random [true].
07-May-2019 04:54:15.347 INFO [main] org.apache.catalina.core.AprLifecycleListener.lifecycleEvent APR/OpenSSL configuration: useAprConnector [false], useOpenSSL [true]
07-May-2019 04:54:15.352 INFO [main] org.apache.catalina.core.AprLifecycleListener.initializeSSL OpenSSL successfully initialized [OpenSSL 1.1.0j  20 Nov 2018]
07-May-2019 04:54:15.484 INFO [main] org.apache.coyote.AbstractProtocol.init Initializing ProtocolHandler ["http-nio-8080"]
07-May-2019 04:54:15.492 INFO [main] org.apache.tomcat.util.net.NioSelectorPool.getSharedSelector Using a shared selector for servlet write/read
07-May-2019 04:54:15.502 INFO [main] org.apache.coyote.AbstractProtocol.init Initializing ProtocolHandler ["ajp-nio-8009"]
07-May-2019 04:54:15.503 INFO [main] org.apache.tomcat.util.net.NioSelectorPool.getSharedSelector Using a shared selector for servlet write/read
07-May-2019 04:54:15.505 INFO [main] org.apache.catalina.startup.Catalina.load Initialization processed in 998 ms
07-May-2019 04:54:15.522 INFO [main] org.apache.catalina.core.StandardService.startInternal Starting service [Catalina]
07-May-2019 04:54:15.522 INFO [main] org.apache.catalina.core.StandardEngine.startInternal Starting Servlet Engine: Apache Tomcat/8.5.40
07-May-2019 04:54:15.540 INFO [localhost-startStop-1] org.apache.catalina.startup.HostConfig.deployWAR Deploying web application archive [/usr/local/tomcat/webapps/web-advertisementorder-callcenter.war]
07-May-2019 04:54:18.197 INFO [localhost-startStop-1] org.apache.jasper.servlet.TldScanner.scanJars At least one JAR was scanned for TLDs yet contained no TLDs. Enable debug logging for this logger for a complete list of JARs that were scanned but no TLDs were found in them. Skipping unneeded JARs during scanning can improve startup time and JSP compilation time.
07-May-2019 04:54:20.500 SEVERE [localhost-startStop-1] org.apache.catalina.core.StandardContext.startInternal One or more listeners failed to start. Full details will be found in the appropriate container log file
07-May-2019 04:54:20.507 SEVERE [localhost-startStop-1] org.apache.catalina.core.StandardContext.startInternal Context [/web-advertisementorder-callcenter] startup failed due to previous errors
07-May-2019 04:54:20.518 INFO [localhost-startStop-1] org.apache.catalina.startup.HostConfig.deployWAR Deployment of web application archive [/usr/local/tomcat/webapps/web-advertisementorder-callcenter.war] has finished in [4,978] ms
07-May-2019 04:54:20.519 INFO [localhost-startStop-1] org.apache.catalina.startup.HostConfig.deployWAR Deploying web application archive [/usr/local/tomcat/webapps/web-entry-callcenter.war]
07-May-2019 04:54:22.986 INFO [localhost-startStop-1] org.apache.jasper.servlet.TldScanner.scanJars At least one JAR was scanned for TLDs yet contained no TLDs. Enable debug logging for this logger for a complete list of JARs that were scanned but no TLDs were found in them. Skipping unneeded JARs during scanning can improve startup time and JSP compilation time.
07-May-2019 04:54:24.534 SEVERE [localhost-startStop-1] org.apache.catalina.core.StandardContext.startInternal One or more listeners failed to start. Full details will be found in the appropriate container log file
07-May-2019 04:54:24.535 SEVERE [localhost-startStop-1] org.apache.catalina.core.StandardContext.startInternal Context [/web-entry-callcenter] startup failed due to previous errors
07-May-2019 04:54:24.546 INFO [localhost-startStop-1] org.apache.catalina.startup.HostConfig.deployWAR Deployment of web application archive [/usr/local/tomcat/webapps/web-entry-callcenter.war] has finished in [4,027] ms
07-May-2019 04:54:24.547 INFO [localhost-startStop-1] org.apache.catalina.startup.HostConfig.deployDirectory Deploying web application directory [/usr/local/tomcat/webapps/ROOT]
07-May-2019 04:54:25.799 INFO [localhost-startStop-1] org.apache.jasper.servlet.TldScanner.scanJars At least one JAR was scanned for TLDs yet contained no TLDs. Enable debug logging for this logger for a complete list of JARs that were scanned but no TLDs were found in them. Skipping unneeded JARs during scanning can improve startup time and JSP compilation time.
07-May-2019 04:54:25.809 INFO [localhost-startStop-1] org.apache.catalina.startup.HostConfig.deployDirectory Deployment of web application directory [/usr/local/tomcat/webapps/ROOT] has finished in [1,262] ms
07-May-2019 04:54:25.810 INFO [localhost-startStop-1] org.apache.catalina.startup.HostConfig.deployDirectory Deploying web application directory [/usr/local/tomcat/webapps/docs]
07-May-2019 04:54:27.064 INFO [localhost-startStop-1] org.apache.jasper.servlet.TldScanner.scanJars At least one JAR was scanned for TLDs yet contained no TLDs. Enable debug logging for this logger for a complete list of JARs that were scanned but no TLDs were found in them. Skipping unneeded JARs during scanning can improve startup time and JSP compilation time.
07-May-2019 04:54:27.065 INFO [localhost-startStop-1] org.apache.catalina.startup.HostConfig.deployDirectory Deployment of web application directory [/usr/local/tomcat/webapps/docs] has finished in [1,255] ms
07-May-2019 04:54:27.066 INFO [localhost-startStop-1] org.apache.catalina.startup.HostConfig.deployDirectory Deploying web application directory [/usr/local/tomcat/webapps/examples]
07-May-2019 04:54:28.426 INFO [localhost-startStop-1] org.apache.jasper.servlet.TldScanner.scanJars At least one JAR was scanned for TLDs yet contained no TLDs. Enable debug logging for this logger for a complete list of JARs that were scanned but no TLDs were found in them. Skipping unneeded JARs during scanning can improve startup time and JSP compilation time.
07-May-2019 04:54:28.459 INFO [localhost-startStop-1] org.apache.catalina.startup.HostConfig.deployDirectory Deployment of web application directory [/usr/local/tomcat/webapps/examples] has finished in [1,394] ms
07-May-2019 04:54:28.460 INFO [localhost-startStop-1] org.apache.catalina.startup.HostConfig.deployDirectory Deploying web application directory [/usr/local/tomcat/webapps/host-manager]
07-May-2019 04:54:28.713 INFO [localhost-startStop-1] org.apache.jasper.servlet.TldScanner.scanJars At least one JAR was scanned for TLDs yet contained no TLDs. Enable debug logging for this logger for a complete list of JARs that were scanned but no TLDs were found in them. Skipping unneeded JARs during scanning can improve startup time and JSP compilation time.
07-May-2019 04:54:28.716 INFO [localhost-startStop-1] org.apache.catalina.startup.HostConfig.deployDirectory Deployment of web application directory [/usr/local/tomcat/webapps/host-manager] has finished in [257] ms
07-May-2019 04:54:28.716 INFO [localhost-startStop-1] org.apache.catalina.startup.HostConfig.deployDirectory Deploying web application directory [/usr/local/tomcat/webapps/manager]
07-May-2019 04:54:28.953 INFO [localhost-startStop-1] org.apache.jasper.servlet.TldScanner.scanJars At least one JAR was scanned for TLDs yet contained no TLDs. Enable debug logging for this logger for a complete list of JARs that were scanned but no TLDs were found in them. Skipping unneeded JARs during scanning can improve startup time and JSP compilation time.
07-May-2019 04:54:28.954 INFO [localhost-startStop-1] org.apache.catalina.startup.HostConfig.deployDirectory Deployment of web application directory [/usr/local/tomcat/webapps/manager] has finished in [238] ms
07-May-2019 04:54:28.959 INFO [main] org.apache.coyote.AbstractProtocol.start Starting ProtocolHandler ["http-nio-8080"]
07-May-2019 04:54:28.964 INFO [main] org.apache.coyote.AbstractProtocol.start Starting ProtocolHandler ["ajp-nio-8009"]
07-May-2019 04:54:28.966 INFO [main] org.apache.catalina.startup.Catalina.start Server startup in 13460 ms
07-May-2019 05:00:36.460 INFO [Thread-6] org.apache.coyote.AbstractProtocol.pause Pausing ProtocolHandler ["http-nio-8080"]
07-May-2019 05:00:36.470 INFO [Thread-6] org.apache.coyote.AbstractProtocol.pause Pausing ProtocolHandler ["ajp-nio-8009"]
07-May-2019 05:00:36.477 INFO [Thread-6] org.apache.catalina.core.StandardService.stopInternal Stopping service [Catalina]
07-May-2019 05:00:36.527 INFO [Thread-6] org.apache.coyote.AbstractProtocol.stop Stopping ProtocolHandler ["http-nio-8080"]
07-May-2019 05:00:36.528 INFO [Thread-6] org.apache.coyote.AbstractProtocol.stop Stopping ProtocolHandler ["ajp-nio-8009"]
07-May-2019 05:00:36.530 INFO [Thread-6] org.apache.coyote.AbstractProtocol.destroy Destroying ProtocolHandler ["http-nio-8080"]
07-May-2019 05:00:36.530 INFO [Thread-6] org.apache.coyote.AbstractProtocol.destroy Destroying ProtocolHandler ["ajp-nio-8009"]
07-May-2019 05:00:39.986 INFO [main] org.apache.catalina.startup.VersionLoggerListener.log Server version:        Apache Tomcat/8.5.40
07-May-2019 05:00:39.988 INFO [main] org.apache.catalina.startup.VersionLoggerListener.log Server built:          Apr 10 2019 14:31:19 UTC
07-May-2019 05:00:39.988 INFO [main] org.apache.catalina.startup.VersionLoggerListener.log Server number:         8.5.40.0
07-May-2019 05:00:39.988 INFO [main] org.apache.catalina.startup.VersionLoggerListener.log OS Name:               Linux
07-May-2019 05:00:39.988 INFO [main] org.apache.catalina.startup.VersionLoggerListener.log OS Version:            3.10.0-957.12.1.el7.x86_64
07-May-2019 05:00:39.988 INFO [main] org.apache.catalina.startup.VersionLoggerListener.log Architecture:          amd64
07-May-2019 05:00:39.988 INFO [main] org.apache.catalina.startup.VersionLoggerListener.log Java Home:             /usr/lib/jvm/java-8-openjdk-amd64/jre
07-May-2019 05:00:39.989 INFO [main] org.apache.catalina.startup.VersionLoggerListener.log JVM Version:           1.8.0_212-8u212-b01-1~deb9u1-b01
07-May-2019 05:00:39.989 INFO [main] org.apache.catalina.startup.VersionLoggerListener.log JVM Vendor:            Oracle Corporation
07-May-2019 05:00:39.989 INFO [main] org.apache.catalina.startup.VersionLoggerListener.log CATALINA_BASE:         /usr/local/tomcat
07-May-2019 05:00:39.989 INFO [main] org.apache.catalina.startup.VersionLoggerListener.log CATALINA_HOME:         /usr/local/tomcat
07-May-2019 05:00:39.989 INFO [main] org.apache.catalina.startup.VersionLoggerListener.log Command line argument: -Djava.util.logging.config.file=/usr/local/tomcat/conf/logging.properties
07-May-2019 05:00:39.989 INFO [main] org.apache.catalina.startup.VersionLoggerListener.log Command line argument: -Djava.util.logging.manager=org.apache.juli.ClassLoaderLogManager
07-May-2019 05:00:39.990 INFO [main] org.apache.catalina.startup.VersionLoggerListener.log Command line argument: -Djdk.tls.ephemeralDHKeySize=2048
07-May-2019 05:00:39.990 INFO [main] org.apache.catalina.startup.VersionLoggerListener.log Command line argument: -Djava.protocol.handler.pkgs=org.apache.catalina.webresources
07-May-2019 05:00:39.990 INFO [main] org.apache.catalina.startup.VersionLoggerListener.log Command line argument: -Dorg.apache.catalina.security.SecurityListener.UMASK=0027
07-May-2019 05:00:39.990 INFO [main] org.apache.catalina.startup.VersionLoggerListener.log Command line argument: -Dignore.endorsed.dirs=
07-May-2019 05:00:39.990 INFO [main] org.apache.catalina.startup.VersionLoggerListener.log Command line argument: -Dcatalina.base=/usr/local/tomcat
07-May-2019 05:00:39.990 INFO [main] org.apache.catalina.startup.VersionLoggerListener.log Command line argument: -Dcatalina.home=/usr/local/tomcat
07-May-2019 05:00:39.991 INFO [main] org.apache.catalina.startup.VersionLoggerListener.log Command line argument: -Djava.io.tmpdir=/usr/local/tomcat/temp
07-May-2019 05:00:39.991 INFO [main] org.apache.catalina.core.AprLifecycleListener.lifecycleEvent Loaded APR based Apache Tomcat Native library [1.2.21] using APR version [1.5.2].
07-May-2019 05:00:39.991 INFO [main] org.apache.catalina.core.AprLifecycleListener.lifecycleEvent APR capabilities: IPv6 [true], sendfile [true], accept filters [false], random [true].
07-May-2019 05:00:39.991 INFO [main] org.apache.catalina.core.AprLifecycleListener.lifecycleEvent APR/OpenSSL configuration: useAprConnector [false], useOpenSSL [true]
07-May-2019 05:00:39.994 INFO [main] org.apache.catalina.core.AprLifecycleListener.initializeSSL OpenSSL successfully initialized [OpenSSL 1.1.0j  20 Nov 2018]
07-May-2019 05:00:40.148 INFO [main] org.apache.coyote.AbstractProtocol.init Initializing ProtocolHandler ["http-nio-8080"]
07-May-2019 05:00:40.159 INFO [main] org.apache.tomcat.util.net.NioSelectorPool.getSharedSelector Using a shared selector for servlet write/read
07-May-2019 05:00:40.169 INFO [main] org.apache.coyote.AbstractProtocol.init Initializing ProtocolHandler ["ajp-nio-8009"]
07-May-2019 05:00:40.171 INFO [main] org.apache.tomcat.util.net.NioSelectorPool.getSharedSelector Using a shared selector for servlet write/read
07-May-2019 05:00:40.172 INFO [main] org.apache.catalina.startup.Catalina.load Initialization processed in 880 ms
07-May-2019 05:00:40.191 INFO [main] org.apache.catalina.core.StandardService.startInternal Starting service [Catalina]
07-May-2019 05:00:40.192 INFO [main] org.apache.catalina.core.StandardEngine.startInternal Starting Servlet Engine: Apache Tomcat/8.5.40
07-May-2019 05:00:40.209 INFO [localhost-startStop-1] org.apache.catalina.startup.HostConfig.deployWAR Deploying web application archive [/usr/local/tomcat/webapps/web-advertisementorder-callcenter.war]
07-May-2019 05:00:43.169 INFO [localhost-startStop-1] org.apache.jasper.servlet.TldScanner.scanJars At least one JAR was scanned for TLDs yet contained no TLDs. Enable debug logging for this logger for a complete list of JARs that were scanned but no TLDs were found in them. Skipping unneeded JARs during scanning can improve startup time and JSP compilation time.
07-May-2019 05:00:45.883 SEVERE [localhost-startStop-1] org.apache.catalina.core.StandardContext.startInternal One or more listeners failed to start. Full details will be found in the appropriate container log file
07-May-2019 05:00:45.894 SEVERE [localhost-startStop-1] org.apache.catalina.core.StandardContext.startInternal Context [/web-advertisementorder-callcenter] startup failed due to previous errors
07-May-2019 05:00:45.914 INFO [localhost-startStop-1] org.apache.catalina.startup.HostConfig.deployWAR Deployment of web application archive [/usr/local/tomcat/webapps/web-advertisementorder-callcenter.war] has finished in [5,705] ms
07-May-2019 05:00:45.915 INFO [localhost-startStop-1] org.apache.catalina.startup.HostConfig.deployWAR Deploying web application archive [/usr/local/tomcat/webapps/web-entry-callcenter.war]
07-May-2019 05:00:49.067 INFO [localhost-startStop-1] org.apache.jasper.servlet.TldScanner.scanJars At least one JAR was scanned for TLDs yet contained no TLDs. Enable debug logging for this logger for a complete list of JARs that were scanned but no TLDs were found in them. Skipping unneeded JARs during scanning can improve startup time and JSP compilation time.
07-May-2019 05:00:56.841 INFO [localhost-startStop-1] org.apache.catalina.startup.HostConfig.deployWAR Deployment of web application archive [/usr/local/tomcat/webapps/web-entry-callcenter.war] has finished in [10,926] ms
07-May-2019 05:00:56.843 INFO [localhost-startStop-1] org.apache.catalina.startup.HostConfig.deployDirectory Deploying web application directory [/usr/local/tomcat/webapps/ROOT]
07-May-2019 05:00:58.456 INFO [localhost-startStop-1] org.apache.jasper.servlet.TldScanner.scanJars At least one JAR was scanned for TLDs yet contained no TLDs. Enable debug logging for this logger for a complete list of JARs that were scanned but no TLDs were found in them. Skipping unneeded JARs during scanning can improve startup time and JSP compilation time.
07-May-2019 05:00:58.458 INFO [localhost-startStop-1] org.apache.catalina.startup.HostConfig.deployDirectory Deployment of web application directory [/usr/local/tomcat/webapps/ROOT] has finished in [1,615] ms
07-May-2019 05:00:58.458 INFO [localhost-startStop-1] org.apache.catalina.startup.HostConfig.deployDirectory Deploying web application directory [/usr/local/tomcat/webapps/docs]
07-May-2019 05:01:00.455 INFO [localhost-startStop-1] org.apache.jasper.servlet.TldScanner.scanJars At least one JAR was scanned for TLDs yet contained no TLDs. Enable debug logging for this logger for a complete list of JARs that were scanned but no TLDs were found in them. Skipping unneeded JARs during scanning can improve startup time and JSP compilation time.
07-May-2019 05:01:00.458 INFO [localhost-startStop-1] org.apache.catalina.startup.HostConfig.deployDirectory Deployment of web application directory [/usr/local/tomcat/webapps/docs] has finished in [1,999] ms
07-May-2019 05:01:00.458 INFO [localhost-startStop-1] org.apache.catalina.startup.HostConfig.deployDirectory Deploying web application directory [/usr/local/tomcat/webapps/examples]
07-May-2019 05:01:02.027 INFO [localhost-startStop-1] org.apache.jasper.servlet.TldScanner.scanJars At least one JAR was scanned for TLDs yet contained no TLDs. Enable debug logging for this logger for a complete list of JARs that were scanned but no TLDs were found in them. Skipping unneeded JARs during scanning can improve startup time and JSP compilation time.
07-May-2019 05:01:02.059 INFO [localhost-startStop-1] org.apache.catalina.startup.HostConfig.deployDirectory Deployment of web application directory [/usr/local/tomcat/webapps/examples] has finished in [1,600] ms
07-May-2019 05:01:02.059 INFO [localhost-startStop-1] org.apache.catalina.startup.HostConfig.deployDirectory Deploying web application directory [/usr/local/tomcat/webapps/host-manager]
07-May-2019 05:01:02.366 INFO [localhost-startStop-1] org.apache.jasper.servlet.TldScanner.scanJars At least one JAR was scanned for TLDs yet contained no TLDs. Enable debug logging for this logger for a complete list of JARs that were scanned but no TLDs were found in them. Skipping unneeded JARs during scanning can improve startup time and JSP compilation time.
07-May-2019 05:01:02.370 INFO [localhost-startStop-1] org.apache.catalina.startup.HostConfig.deployDirectory Deployment of web application directory [/usr/local/tomcat/webapps/host-manager] has finished in [311] ms
07-May-2019 05:01:02.371 INFO [localhost-startStop-1] org.apache.catalina.startup.HostConfig.deployDirectory Deploying web application directory [/usr/local/tomcat/webapps/manager]
07-May-2019 05:01:02.633 INFO [localhost-startStop-1] org.apache.jasper.servlet.TldScanner.scanJars At least one JAR was scanned for TLDs yet contained no TLDs. Enable debug logging for this logger for a complete list of JARs that were scanned but no TLDs were found in them. Skipping unneeded JARs during scanning can improve startup time and JSP compilation time.
07-May-2019 05:01:02.634 INFO [localhost-startStop-1] org.apache.catalina.startup.HostConfig.deployDirectory Deployment of web application directory [/usr/local/tomcat/webapps/manager] has finished in [263] ms
07-May-2019 05:01:02.638 INFO [main] org.apache.coyote.AbstractProtocol.start Starting ProtocolHandler ["http-nio-8080"]
07-May-2019 05:01:02.646 INFO [main] org.apache.coyote.AbstractProtocol.start Starting ProtocolHandler ["ajp-nio-8009"]
07-May-2019 05:01:02.656 INFO [main] org.apache.catalina.startup.Catalina.start Server startup in 22483 ms
