[0KRunning with gitlab-runner 11.10.1 (1f513601)
[0;m[0K  on Test ww4q1Wxe
[0;msection_start:1556962257:prepare_executor[0K[0KUsing Docker executor with image ci_sonarscanner:3.3 ...
[0;m[0KUsing locally found image version due to if-not-present pull policy
[0;m[0KUsing docker image sha256:cdf4f3fbc3d409410255639e4e2fa19decb01dbcba8ca1d408d189817aa62fc6 for ci_sonarscanner:3.3 ...
[0;msection_end:1556962257:prepare_executor[0Ksection_start:1556962257:prepare_script[0KRunning on runner-ww4q1Wxe-project-1-concurrent-0 via 7d514be7bad4...
section_end:1556962259:prepare_script[0Ksection_start:1556962259:get_sources[0KReinitialized existing Git repository in /builds/root/demo-project/.git/
[32;1mFetching changes...[0;m
From http://gitlab/root/demo-project
   a141ceb..160fe29  master     -> origin/master
[32;1mChecking out 160fe298 as master...[0;m
Removing web-base/src/main/java/jp/rhp/web/base/.scannerwork/

[32;1mSkipping Git submodules setup[0;m
section_end:1556962261:get_sources[0Ksection_start:1556962261:restore_cache[0Ksection_end:1556962263:restore_cache[0Ksection_start:1556962263:download_artifacts[0Ksection_end:1556962265:download_artifacts[0Ksection_start:1556962265:build_script[0K[32;1m$ sonar-scanner[0;m
INFO: Scanner configuration file: /root/sonar-scanner-3.3.0.1492-linux/conf/sonar-scanner.properties
INFO: Project root configuration file: /builds/root/demo-project/sonar-project.properties
INFO: SonarQube Scanner 3.3.0.1492
INFO: Java 1.8.0_201 Oracle Corporation (64-bit)
INFO: Linux 3.10.0-957.12.1.el7.x86_64 amd64
INFO: User cache: /root/.sonar/cache
INFO: SonarQube server 7.7.0
INFO: Default locale: "en_US", source code encoding: "UTF-8"
INFO: Load global settings
INFO: Load global settings (done) | time=58ms
INFO: Server id: 9CB61ADC-AWqBzDYBETUdoo8_15WP
INFO: User cache: /root/.sonar/cache
INFO: Load/download plugins
INFO: Load plugins index
INFO: Load plugins index (done) | time=33ms
INFO: Load/download plugins (done) | time=736ms
INFO: Process project properties
INFO: Execute project builders
INFO: Execute project builders (done) | time=4ms
INFO: Project key: demo-project
INFO: Base dir: /builds/root/demo-project
INFO: Working dir: /builds/root/demo-project/.scannerwork
INFO: Load project settings for component key: 'demo-project'
INFO: Load project repositories
INFO: Load project repositories (done) | time=4ms
INFO: Load quality profiles
INFO: Load quality profiles (done) | time=20ms
INFO: Load active rules
INFO: Load active rules (done) | time=492ms
INFO: Indexing files...
INFO: Project configuration:
WARN: Invalid character encountered in file /builds/root/demo-project/web-advertisementorder-callcenter-static/src/main/webapp/css/advertisementorder/advertisementorder.css at line 302 for encoding UTF-8. Please fix file content or configure the encoding to be used using property 'sonar.sourceEncoding'.
WARN: Invalid character encountered in file /builds/root/demo-project/web-advertisementorder-callcenter-static/src/main/webapp/css/commons/app.css at line 13 for encoding UTF-8. Please fix file content or configure the encoding to be used using property 'sonar.sourceEncoding'.
WARN: Invalid character encountered in file /builds/root/demo-project/web-entry-callcenter-static/src/main/webapp/css/commons/app.css at line 13 for encoding UTF-8. Please fix file content or configure the encoding to be used using property 'sonar.sourceEncoding'.
WARN: Invalid character encountered in file /builds/root/demo-project/web-entry-callcenter-static/src/main/webapp/css/entry/selectionhistory.css at line 133 for encoding UTF-8. Please fix file content or configure the encoding to be used using property 'sonar.sourceEncoding'.
WARN: Invalid character encountered in file /builds/root/demo-project/web-entry-callcenter-static/src/main/webapp/css/sectiontohire/receptionhistory/list.css at line 1 for encoding UTF-8. Please fix file content or configure the encoding to be used using property 'sonar.sourceEncoding'.
WARN: Invalid character encountered in file /builds/root/demo-project/web-entry-callcenter-static/src/main/webapp/css/sectiontohire/receptionhistory/modify.css at line 1 for encoding UTF-8. Please fix file content or configure the encoding to be used using property 'sonar.sourceEncoding'.
WARN: Invalid character encountered in file /builds/root/demo-project/web-entry-callcenter-static/src/main/webapp/css/sectiontohire/receptionhistory/register.css at line 1 for encoding UTF-8. Please fix file content or configure the encoding to be used using property 'sonar.sourceEncoding'.
WARN: Invalid character encountered in file /builds/root/demo-project/web-entry-callcenter-static/src/main/webapp/css/sectiontohire/receptionhistory/response/modify.css at line 1 for encoding UTF-8. Please fix file content or configure the encoding to be used using property 'sonar.sourceEncoding'.
WARN: Invalid character encountered in file /builds/root/demo-project/web-entry-callcenter-static/src/main/webapp/css/sectiontohire/receptionhistory/response/register.css at line 1 for encoding UTF-8. Please fix file content or configure the encoding to be used using property 'sonar.sourceEncoding'.
INFO: 3815 files indexed
INFO: 0 files ignored because of scm ignore settings
INFO: Quality profile for css: Sonar way
INFO: Quality profile for java: Sonar way
INFO: Quality profile for js: Sonar way
INFO: Quality profile for xml: Sonar way
INFO: ------------- Run sensors on module demo-project
INFO: Load metrics repository
INFO: Load metrics repository (done) | time=16ms
INFO: Sensor JavaSquidSensor [java]
INFO: Configured Java source version (sonar.java.source): none
INFO: JavaClasspath initialization
WARN: Bytecode of dependencies was not provided for analysis of source files, you might end up with less precise results. Bytecode can be provided using sonar.java.libraries property.
INFO: JavaClasspath initialization (done) | time=7ms
INFO: JavaTestClasspath initialization
INFO: JavaTestClasspath initialization (done) | time=2ms
INFO: Java Main Files AST scan
INFO: 1742 source files to be analyzed
INFO: 330/1742 files analyzed, current file: /builds/root/demo-project/model-advertisementorder/src/main/java/jp/rhp/model/advertisementorder/popup/joboffer/criteria/WorkplaceGroup.java
INFO: 874/1742 files analyzed, current file: /builds/root/demo-project/model-joboffer/src/main/java/jp/rhp/model/joboffer/income/wage/minimumwage/DailyMinimumWage.java
INFO: 1424/1742 files analyzed, current file: /builds/root/demo-project/service-hiringprocess/src/main/java/jp/rhp/service/hiringprocess/ModifyCandidateServiceImpl.java
INFO: 1742/1742 source files have been analyzed
INFO: Java Main Files AST scan (done) | time=35135ms
INFO: Java Test Files AST scan
INFO: 0 source files to be analyzed
INFO: Java Test Files AST scan (done) | time=0ms
INFO: 0/0 source files have been analyzed
INFO: Sensor JavaSquidSensor [java] (done) | time=35729ms
INFO: Sensor SonarCSS Metrics [cssfamily]
INFO: Sensor SonarCSS Metrics [cssfamily] (done) | time=406ms
INFO: Sensor SonarCSS Rules [cssfamily]
INFO: Sensor SonarCSS Rules [cssfamily] (done) | time=3643ms
INFO: Sensor JaCoCo XML Report Importer [jacoco]
INFO: Sensor JaCoCo XML Report Importer [jacoco] (done) | time=17ms
INFO: Sensor SonarJS [javascript]
INFO: 187 source files to be analyzed
INFO: 54/187 files analyzed, current file: web-advertisementorder-callcenter-static/src/main/webapp/js/lib/dhtmlxscheduler/sources/ext/dhtmlxscheduler_limit.js
INFO: 167/187 files analyzed, current file: web-entry-callcenter-static/src/main/webapp/js/lib/dhtmlxscheduler/sources/ext/dhtmlxscheduler_timeline.js
INFO: Sensor SonarJS [javascript] (done) | time=20845ms
INFO: Sensor ESLint-based SonarJS [javascript]
INFO: 187/187 source files have been analyzed
INFO: 187 source files to be analyzed
INFO: Sensor ESLint-based SonarJS [javascript] (done) | time=11322ms
INFO: Sensor SurefireSensor [java]
INFO: 187/187 source files have been analyzed
INFO: parsing [/builds/root/demo-project/target/surefire-reports]
INFO: Sensor SurefireSensor [java] (done) | time=23ms
INFO: Sensor JaCoCoSensor [java]
INFO: Sensor JaCoCoSensor [java] (done) | time=0ms
INFO: Sensor JavaXmlSensor [java]
INFO: 415 source files to be analyzed
INFO: Sensor JavaXmlSensor [java] (done) | time=1818ms
INFO: 415/415 source files have been analyzed
INFO: Sensor HTML [web]
INFO: Sensor HTML [web] (done) | time=44ms
INFO: Sensor XML Sensor [xml]
INFO: 415 source files to be analyzed
INFO: Sensor XML Sensor [xml] (done) | time=1078ms
INFO: 415/415 source files have been analyzed
INFO: ------------- Run sensors on project
INFO: Sensor Zero Coverage Sensor
INFO: Sensor Zero Coverage Sensor (done) | time=251ms
INFO: Sensor Java CPD Block Indexer
INFO: Sensor Java CPD Block Indexer (done) | time=918ms
INFO: SCM provider for this project is: git
INFO: 2405 files to be analyzed
INFO: 2404/2405 files analyzed
WARN: Missing blame information for the following files:
WARN:   * model-workplace/src/main/java/jp/rhp/model/workplace/WorkplaceRepository.java
WARN: This may lead to missing/broken features in SonarQube
INFO: 400 files had no CPD blocks
INFO: Calculating CPD for 1529 files
INFO: CPD calculation finished
INFO: Analysis report generated in 573ms, dir size=14 MB
INFO: Analysis report compressed in 4592ms, zip size=7 MB
INFO: Analysis report uploaded in 4005ms
INFO: ANALYSIS SUCCESSFUL, you can browse http://sonarqube:9000/dashboard?id=demo-project
INFO: Note that you will be able to access the updated dashboard once the server has processed the submitted analysis report
INFO: More about the report processing at http://sonarqube:9000/api/ce/task?id=AWqCMFGsETUdoo8_17fV
INFO: Analysis total time: 1:39.617 s
INFO: ------------------------------------------------------------------------
INFO: EXECUTION SUCCESS
INFO: ------------------------------------------------------------------------
INFO: Total time: 1:41.454s
INFO: Final Memory: 33M/758M
INFO: ------------------------------------------------------------------------
section_end:1556962369:build_script[0Ksection_start:1556962369:after_script[0Ksection_end:1556962374:after_script[0Ksection_start:1556962374:archive_cache[0Ksection_end:1556962377:archive_cache[0Ksection_start:1556962377:upload_artifacts_on_success[0Ksection_end:1556962380:upload_artifacts_on_success[0K[32;1mJob succeeded
[0;m